\BOOKMARK [0][-]{chapter*.1}{ }{}% 1
\BOOKMARK [0][-]{chapter.1}{1. \040}{}% 2
\BOOKMARK [1][-]{section.1.1}{}{chapter.1}% 3
\BOOKMARK [1][-]{section.1.2}{}{chapter.1}% 4
\BOOKMARK [1][-]{section.1.3}{ \040 }{chapter.1}% 5
\BOOKMARK [0][-]{chapter.2}{2. \040}{}% 6
\BOOKMARK [1][-]{section.2.1}{ \040}{chapter.2}% 7
\BOOKMARK [0][-]{chapter.3}{ }{}% 8
\BOOKMARK [1][-]{section.3.1}{ }{chapter.3}% 9
\BOOKMARK [1][-]{section.3.2}{ }{chapter.3}% 10
\BOOKMARK [1][-]{section.3.3}{ \040}{chapter.3}% 11
\BOOKMARK [1][-]{section.3.4}{ \040 \040, \040 }{chapter.3}% 12
\BOOKMARK [2][-]{subsection.3.4.1}{ \040}{section.3.4}% 13
\BOOKMARK [2][-]{subsection.3.4.2}{ \040 \040}{section.3.4}% 14
\BOOKMARK [1][-]{section.3.5}{ \040}{chapter.3}% 15
\BOOKMARK [2][-]{subsection.3.5.1}{ \040 \040:}{section.3.5}% 16
\BOOKMARK [2][-]{subsection.3.5.2}{ \040 :}{section.3.5}% 17
\BOOKMARK [2][-]{subsection.3.5.3}{ \040 \040:}{section.3.5}% 18
\BOOKMARK [2][-]{subsection.3.5.4}{ \040 \040}{section.3.5}% 19
\BOOKMARK [0][-]{chapter.4}{ \040}{}% 20
\BOOKMARK [1][-]{section.4.1}{ \040 }{chapter.4}% 21
\BOOKMARK [0][-]{chapter.5}{ }{}% 22
\BOOKMARK [1][-]{section.5.1}{ }{chapter.5}% 23
\BOOKMARK [1][-]{section.5.2}{ \040\(class diagram\)}{chapter.5}% 24
\BOOKMARK [1][-]{section.5.3}{ \040 \(Activity Diagram\) }{chapter.5}% 25
\BOOKMARK [1][-]{section.5.4}{ \040\(Sequence diagram\)}{chapter.5}% 26
\BOOKMARK [1][-]{section.5.5}{ \040 \(State diagram\)}{chapter.5}% 27
\BOOKMARK [0][-]{chapter.6}{}{}% 28
