{"level":"info","message":"88545655 -> [www.beeco.mn] 9673 batalgaajuulah code. : Mon Jan 15 2018 11:55:12 GMT+0800 (+08)"}
{"level":"info","message":"88545655 -> Амжилттай илгээлээ : Mon Jan 15 2018 11:55:13 GMT+0800 (+08)"}
{"level":"info","message":"88545655 -> Дугаар амжилттай баталгаажлаа : Mon Jan 15 2018 11:55:27 GMT+0800 (+08)"}
<<<<<<< HEAD
{"level":"info","message":"88545655 -> [www.beeco.mn] 7573 batalgaajuulah code. : Fri Feb 09 2018 10:34:19 GMT+0800 (+08)"}
{"level":"info","message":"88545655 -> Амжилттай илгээлээ : Fri Feb 09 2018 10:34:20 GMT+0800 (+08)"}
{"level":"info","message":"88545655 -> [www.beeco.mn] 7700 batalgaajuulah code. : Fri Feb 09 2018 10:37:16 GMT+0800 (+08)"}
{"level":"info","message":"88545655 -> Амжилттай илгээлээ : Fri Feb 09 2018 10:37:16 GMT+0800 (+08)"}
{"level":"info","message":"88545655 -> Дугаар амжилттай баталгаажлаа : Fri Feb 09 2018 10:37:30 GMT+0800 (+08)"}
=======
{"level":"info","message":"88545655 -> [www.beeco.mn] 9361 batalgaajuulah code. : Fri Feb 02 2018 16:43:40 GMT+0800 (+08)"}
{"level":"info","message":"88545655 -> Амжилттай илгээлээ : Fri Feb 02 2018 16:43:40 GMT+0800 (+08)"}
{"level":"info","message":"88545655 -> Дугаар амжилттай баталгаажлаа : Fri Feb 02 2018 16:43:56 GMT+0800 (+08)"}
{"level":"info","message":"88545655 -> [www.beeco.mn] 1350 batalgaajuulah code. : Fri Feb 02 2018 16:45:10 GMT+0800 (+08)"}
{"level":"info","message":"88545655 -> Амжилттай илгээлээ : Fri Feb 02 2018 16:45:10 GMT+0800 (+08)"}
{"level":"info","message":"88545655 -> [www.beeco.mn] 6646 batalgaajuulah code. : Fri Feb 02 2018 16:56:22 GMT+0800 (+08)"}
{"level":"info","message":"88545655 -> Амжилттай илгээлээ : Fri Feb 02 2018 16:56:23 GMT+0800 (+08)"}
{"level":"info","message":"88545655 -> [www.beeco.mn] 1131 batalgaajuulah code. : Fri Feb 02 2018 17:35:24 GMT+0800 (+08)"}
{"level":"info","message":"88545655 -> Амжилттай илгээлээ : Fri Feb 02 2018 17:35:25 GMT+0800 (+08)"}
{"level":"info","message":"88545655 -> [www.beeco.mn] 2800 batalgaajuulah code. : Fri Feb 02 2018 17:37:20 GMT+0800 (+08)"}
{"level":"info","message":"88545655 -> Амжилттай илгээлээ : Fri Feb 02 2018 17:37:21 GMT+0800 (+08)"}
{"level":"info","message":"88545655 -> Дугаар амжилттай баталгаажлаа : Fri Feb 02 2018 17:37:44 GMT+0800 (+08)"}
{"level":"info","message":"88545655 -> [www.beeco.mn] 1874 batalgaajuulah code. : Fri Feb 02 2018 17:39:28 GMT+0800 (+08)"}
{"level":"info","message":"88545655 -> Амжилттай илгээлээ : Fri Feb 02 2018 17:39:29 GMT+0800 (+08)"}
{"level":"info","message":"88545655 -> Дугаар амжилттай баталгаажлаа : Fri Feb 02 2018 17:39:38 GMT+0800 (+08)"}
{"level":"info","message":"88545655 -> [www.beeco.mn] 1137 batalgaajuulah code. : Mon Feb 05 2018 15:15:35 GMT+0800 (+08)"}
{"level":"info","message":"88545655 -> Амжилттай илгээлээ : Mon Feb 05 2018 15:15:35 GMT+0800 (+08)"}
{"level":"info","message":"88545655 -> Дугаар амжилттай баталгаажлаа : Mon Feb 05 2018 15:15:50 GMT+0800 (+08)"}
{"level":"info","message":"88545655 -> [www.beeco.mn] 9675 batalgaajuulah code. : Mon Feb 12 2018 11:11:07 GMT+0800 (+08)"}
{"level":"info","message":"88545655 -> Амжилттай илгээлээ : Mon Feb 12 2018 11:11:07 GMT+0800 (+08)"}
{"level":"info","message":"88545656 -> [www.beeco.mn] 9980 batalgaajuulah code. : Mon Feb 12 2018 16:42:38 GMT+0800 (+08)"}
{"level":"info","message":"88545656 -> Амжилттай илгээлээ : Mon Feb 12 2018 16:42:38 GMT+0800 (+08)"}
{"level":"info","message":"88545655 -> [www.beeco.mn] 4575 batalgaajuulah code. : Mon Feb 19 2018 14:05:10 GMT+0800 (+08)"}
{"level":"info","message":"88545655 -> Амжилттай илгээлээ : Mon Feb 19 2018 14:05:10 GMT+0800 (+08)"}
{"level":"info","message":"88545655 -> [www.beeco.mn] 9739 batalgaajuulah code. : Mon Feb 19 2018 14:22:00 GMT+0800 (+08)"}
{"level":"info","message":"88545655 -> Амжилттай илгээлээ : Mon Feb 19 2018 14:22:06 GMT+0800 (+08)"}
{"level":"info","message":"88545655 -> [www.beeco.mn] 3357 batalgaajuulah code. : Mon Feb 19 2018 14:24:00 GMT+0800 (+08)"}
{"level":"info","message":"88545655 -> Амжилттай илгээлээ : Mon Feb 19 2018 14:24:00 GMT+0800 (+08)"}
{"level":"info","message":"88545655 -> Дугаар амжилттай баталгаажлаа : Mon Feb 19 2018 14:24:23 GMT+0800 (+08)"}
{"level":"info","message":"88545655 -> [www.beeco.mn] 1863 batalgaajuulah code. : Mon Feb 19 2018 14:29:21 GMT+0800 (+08)"}
{"level":"info","message":"88545655 -> Амжилттай илгээлээ : Mon Feb 19 2018 14:29:22 GMT+0800 (+08)"}
{"level":"info","message":"88545655 -> Дугаар амжилттай баталгаажлаа : Mon Feb 19 2018 14:29:42 GMT+0800 (+08)"}
{"level":"info","message":"88545655 -> [www.beeco.mn] 9963 batalgaajuulah code. : Tue Feb 20 2018 10:51:39 GMT+0800 (+08)"}
{"level":"info","message":"88545655 -> Амжилттай илгээлээ : Tue Feb 20 2018 10:51:39 GMT+0800 (+08)"}
{"level":"info","message":"88545655 -> [www.beeco.mn] 5150 batalgaajuulah code. : Tue Feb 20 2018 10:56:24 GMT+0800 (+08)"}
{"level":"info","message":"88545655 -> Амжилттай илгээлээ : Tue Feb 20 2018 10:56:25 GMT+0800 (+08)"}
{"level":"info","message":"88545655 -> [www.beeco.mn] 5770 batalgaajuulah code. : Tue Feb 20 2018 11:32:34 GMT+0800 (+08)"}
{"level":"info","message":"88545655 -> Амжилттай илгээлээ : Tue Feb 20 2018 11:32:34 GMT+0800 (+08)"}
{"level":"info","message":"88545655 -> [www.beeco.mn] 5278 batalgaajuulah code. : Wed Feb 21 2018 16:56:46 GMT+0800 (+08)"}
{"level":"info","message":"88545655 -> Амжилттай илгээлээ : Wed Feb 21 2018 16:56:51 GMT+0800 (+08)"}
{"level":"info","message":"88545655 -> Дугаар амжилттай баталгаажлаа : Wed Feb 21 2018 16:57:09 GMT+0800 (+08)"}
<<<<<<< HEAD
{"level":"info","message":"88545655 -> [www.beeco.mn] 1423 batalgaajuulah code. : Fri Feb 23 2018 11:35:50 GMT+0800 (+08)"}
{"level":"info","message":"88545655 -> Амжилттай илгээлээ : Fri Feb 23 2018 11:35:50 GMT+0800 (+08)"}
{"level":"info","message":"88545655 -> [www.beeco.mn] 6717 batalgaajuulah code. : Fri Feb 23 2018 11:42:58 GMT+0800 (+08)"}
{"level":"info","message":"88545655 -> Амжилттай илгээлээ : Fri Feb 23 2018 11:42:58 GMT+0800 (+08)"}
{"level":"info","message":"88545655 -> [www.beeco.mn] 4856 batalgaajuulah code. : Fri Feb 23 2018 11:59:12 GMT+0800 (+08)"}
{"level":"info","message":"88545655 -> Амжилттай илгээлээ : Fri Feb 23 2018 11:59:12 GMT+0800 (+08)"}
{"level":"info","message":"88545655 -> [www.beeco.mn] 5061 batalgaajuulah code. : Fri Feb 23 2018 12:13:08 GMT+0800 (+08)"}
{"level":"info","message":"88545655 -> Амжилттай илгээлээ : Fri Feb 23 2018 12:13:08 GMT+0800 (+08)"}
{"level":"info","message":"88545655 -> Дугаар амжилттай баталгаажлаа : Fri Feb 23 2018 17:24:27 GMT+0800 (+08)"}
{"level":"info","message":"88545655 -> [www.beeco.mn] 7829 batalgaajuulah code. : Thu Mar 01 2018 14:50:19 GMT+0800 (+08)"}
{"level":"info","message":"88545655 -> Амжилттай илгээлээ : Thu Mar 01 2018 14:50:20 GMT+0800 (+08)"}
{"level":"info","message":"88545655 -> [www.beeco.mn] 7113 batalgaajuulah code. : Thu Mar 01 2018 14:51:12 GMT+0800 (+08)"}
{"level":"info","message":"88545655 -> Амжилттай илгээлээ : Thu Mar 01 2018 14:51:12 GMT+0800 (+08)"}
{"level":"info","message":"88545655 -> [www.beeco.mn] 6486 batalgaajuulah code. : Thu Mar 01 2018 15:03:35 GMT+0800 (+08)"}
{"level":"info","message":"88545655 -> Амжилттай илгээлээ : Thu Mar 01 2018 15:03:36 GMT+0800 (+08)"}
{"level":"info","message":"88545655 -> Дугаар амжилттай баталгаажлаа : Thu Mar 01 2018 15:04:13 GMT+0800 (+08)"}
{"level":"info","message":"88545655 -> [www.beeco.mn] 6074 batalgaajuulah code. : Fri Mar 02 2018 15:02:20 GMT+0800 (+08)"}
{"level":"info","message":"88545655 -> Амжилттай илгээлээ : Fri Mar 02 2018 15:02:50 GMT+0800 (+08)"}
{"level":"info","message":"88545655 -> [www.beeco.mn] 5919 batalgaajuulah code. : Fri Mar 02 2018 15:10:34 GMT+0800 (+08)"}
{"level":"info","message":"88545655 -> Амжилттай илгээлээ : Fri Mar 02 2018 15:10:34 GMT+0800 (+08)"}
{"level":"info","message":"88545655 -> Дугаар амжилттай баталгаажлаа : Fri Mar 02 2018 15:11:02 GMT+0800 (+08)"}
=======
>>>>>>> 92d5f7c6f1b98bd51bbb7644448f5ddd179a4930
>>>>>>> c29eb3fdb1d0e7d317da1431d621e5a1f4dd3b3a
{"level":"info","message":"88545655 -> [www.beeco.mn] 7096 batalgaajuulah code. : Wed Mar 14 2018 10:41:27 GMT+0800 (+08)"}
{"level":"info","message":"88545655 -> [www.beeco.mn] 8456 batalgaajuulah code. : Wed Mar 14 2018 10:45:13 GMT+0800 (+08)"}
{"level":"info","message":"88545655 -> Амжилттай илгээлээ : Wed Mar 14 2018 10:45:14 GMT+0800 (+08)"}
{"level":"info","message":"88545655 -> Дугаар амжилттай баталгаажлаа : Wed Mar 14 2018 10:46:07 GMT+0800 (+08)"}
{"level":"info","message":"88545655 -> [www.beeco.mn] 8305 batalgaajuulah code. : Wed Mar 14 2018 15:49:14 GMT+0800 (+08)"}
{"level":"info","message":"88545655 -> Амжилттай илгээлээ : Wed Mar 14 2018 15:49:20 GMT+0800 (+08)"}
{"level":"info","message":"88545655 -> Дугаар амжилттай баталгаажлаа : Wed Mar 14 2018 15:49:55 GMT+0800 (+08)"}
{"level":"info","message":"88545655 -> [www.beeco.mn] 9681 batalgaajuulah code. : Fri Mar 23 2018 11:36:19 GMT+0800 (+08)"}
{"level":"info","message":"88545655 -> Амжилттай илгээлээ : Fri Mar 23 2018 11:36:19 GMT+0800 (+08)"}
{"level":"info","message":"09009099 -> [www.beeco.mn] 9063 batalgaajuulah code. : Tue Apr 10 2018 15:34:04 GMT+0800 (+08)"}
{"level":"info","message":"09009099 -> Амжилттай илгээлээ : Tue Apr 10 2018 15:34:05 GMT+0800 (+08)"}
{"level":"info","message":"88545655 -> [www.beeco.mn] 2181 batalgaajuulah code. : Wed Apr 18 2018 12:58:31 GMT+0800 (+08)"}
{"level":"info","message":"88545655 -> Амжилттай илгээлээ : Wed Apr 18 2018 12:58:32 GMT+0800 (+08)"}
{"level":"info","message":"88545655 -> Дугаар амжилттай баталгаажлаа : Wed Apr 18 2018 12:58:45 GMT+0800 (+08)"}
{"level":"info","message":"88545655 -> [www.beeco.mn] 3499 batalgaajuulah code. : Wed Apr 18 2018 13:04:11 GMT+0800 (+08)"}
{"level":"info","message":"88545655 -> Амжилттай илгээлээ : Wed Apr 18 2018 13:04:11 GMT+0800 (+08)"}
{"level":"info","message":"88545655 -> Дугаар амжилттай баталгаажлаа : Wed Apr 18 2018 13:04:21 GMT+0800 (+08)"}
{"level":"info","message":"88545655 -> [www.beeco.mn] 5579 batalgaajuulah code. : Wed Apr 18 2018 13:08:57 GMT+0800 (+08)"}
{"level":"info","message":"88545655 -> Амжилттай илгээлээ : Wed Apr 18 2018 13:08:58 GMT+0800 (+08)"}
{"level":"info","message":"88545655 -> Дугаар амжилттай баталгаажлаа : Wed Apr 18 2018 13:09:08 GMT+0800 (+08)"}
{"level":"info","message":"88545655 -> [www.beeco.mn] 1606 batalgaajuulah code. : Wed Apr 18 2018 13:11:21 GMT+0800 (+08)"}
{"level":"info","message":"88545655 -> Амжилттай илгээлээ : Wed Apr 18 2018 13:11:22 GMT+0800 (+08)"}
{"level":"info","message":"88545655 -> Дугаар амжилттай баталгаажлаа : Wed Apr 18 2018 13:11:30 GMT+0800 (+08)"}
{"level":"info","message":"88545655 -> [www.beeco.mn] 7864 batalgaajuulah code. : Wed Apr 18 2018 14:44:01 GMT+0800 (+08)"}
{"level":"info","message":"88545655 -> Амжилттай илгээлээ : Wed Apr 18 2018 14:44:02 GMT+0800 (+08)"}
{"level":"info","message":"88545655 -> Дугаар амжилттай баталгаажлаа : Wed Apr 18 2018 14:44:13 GMT+0800 (+08)"}
{"level":"info","message":"88545655 -> [www.beeco.mn] 3722 batalgaajuulah code. : Wed Apr 18 2018 15:01:28 GMT+0800 (+08)"}
{"level":"info","message":"88545655 -> Амжилттай илгээлээ : Wed Apr 18 2018 15:01:29 GMT+0800 (+08)"}
{"level":"info","message":"88545655 -> Дугаар амжилттай баталгаажлаа : Wed Apr 18 2018 15:01:44 GMT+0800 (+08)"}
{"level":"info","message":"88545655 -> [www.beeco.mn] 9165 batalgaajuulah code. : Wed Apr 18 2018 17:40:01 GMT+0800 (+08)"}
{"level":"info","message":"88545655 -> Амжилттай илгээлээ : Wed Apr 18 2018 17:40:02 GMT+0800 (+08)"}
{"level":"info","message":"88545655 -> Дугаар амжилттай баталгаажлаа : Wed Apr 18 2018 17:40:13 GMT+0800 (+08)"}
{"level":"info","message":"88545655 -> Дугаар амжилттай баталгаажлаа : Wed Apr 18 2018 17:40:13 GMT+0800 (+08)"}
{"level":"info","message":"88545655 -> [www.beeco.mn] 5536 batalgaajuulah code. : Wed Apr 18 2018 17:41:55 GMT+0800 (+08)"}
{"level":"info","message":"88545655 -> Амжилттай илгээлээ : Wed Apr 18 2018 17:41:55 GMT+0800 (+08)"}
{"level":"info","message":"88545655 -> Дугаар амжилттай баталгаажлаа : Wed Apr 18 2018 17:42:06 GMT+0800 (+08)"}
{"level":"info","message":"88545655 -> [www.beeco.mn] 8746 batalgaajuulah code. : Wed Apr 18 2018 17:46:45 GMT+0800 (+08)"}
{"level":"info","message":"88545655 -> Амжилттай илгээлээ : Wed Apr 18 2018 17:46:46 GMT+0800 (+08)"}
{"level":"info","message":"88545655 -> Дугаар амжилттай баталгаажлаа : Wed Apr 18 2018 17:46:57 GMT+0800 (+08)"}
{"level":"info","message":"88545655 -> Дугаар амжилттай баталгаажлаа : Thu Apr 19 2018 10:30:56 GMT+0800 (+08)"}
{"level":"info","message":"88545655 -> Дугаар амжилттай баталгаажлаа : Thu Apr 19 2018 11:36:39 GMT+0800 (+08)"}
{"level":"info","message":"88545655 -> Дугаар амжилттай баталгаажлаа : Thu Apr 19 2018 11:51:37 GMT+0800 (+08)"}
{"level":"info","message":"88545655 -> Дугаар амжилттай баталгаажлаа : Thu Apr 19 2018 11:55:05 GMT+0800 (+08)"}
{"level":"info","message":"11223344 -> Дугаар амжилттай баталгаажлаа : Thu Apr 19 2018 11:58:16 GMT+0800 (+08)"}
{"level":"info","message":"88545655 -> Дугаар амжилттай баталгаажлаа : Thu Apr 19 2018 12:48:26 GMT+0800 (+08)"}
{"level":"info","message":"88545655 -> [www.beeco.mn] 8664 batalgaajuulah code. : Thu Apr 19 2018 15:45:37 GMT+0800 (+08)"}
{"level":"info","message":"88545655 -> Амжилттай илгээлээ : Thu Apr 19 2018 15:45:37 GMT+0800 (+08)"}
{"level":"info","message":"88545655 -> Дугаар амжилттай баталгаажлаа : Thu Apr 19 2018 15:45:49 GMT+0800 (+08)"}
{"level":"info","message":"88545655 -> [www.beeco.mn] 7085 batalgaajuulah code. : Thu Apr 19 2018 15:47:22 GMT+0800 (+08)"}
{"level":"info","message":"88545655 -> Амжилттай илгээлээ : Thu Apr 19 2018 15:47:23 GMT+0800 (+08)"}
{"level":"info","message":"88545655 -> Дугаар амжилттай баталгаажлаа : Thu Apr 19 2018 15:47:34 GMT+0800 (+08)"}
{"level":"info","message":"88545655 -> [www.beeco.mn] 5401 batalgaajuulah code. : Thu Apr 19 2018 15:56:42 GMT+0800 (+08)"}
{"level":"info","message":"88545655 -> Амжилттай илгээлээ : Thu Apr 19 2018 15:56:43 GMT+0800 (+08)"}
{"level":"info","message":"88545655 -> Дугаар амжилттай баталгаажлаа : Thu Apr 19 2018 15:56:51 GMT+0800 (+08)"}
{"level":"info","message":"88545655 -> [www.beeco.mn] 8454 batalgaajuulah code. : Thu Apr 19 2018 18:15:44 GMT+0800 (+08)"}
{"level":"info","message":"88545655 -> Амжилттай илгээлээ : Thu Apr 19 2018 18:15:44 GMT+0800 (+08)"}
{"level":"info","message":"88545655 -> Дугаар амжилттай баталгаажлаа : Thu Apr 19 2018 18:15:55 GMT+0800 (+08)"}
{"level":"info","message":"88545655 -> [www.beeco.mn] 4164 batalgaajuulah code. : Thu Apr 19 2018 18:20:43 GMT+0800 (+08)"}
{"level":"info","message":"88545655 -> Амжилттай илгээлээ : Thu Apr 19 2018 18:20:44 GMT+0800 (+08)"}
{"level":"info","message":"88545655 -> Дугаар амжилттай баталгаажлаа : Thu Apr 19 2018 18:20:54 GMT+0800 (+08)"}
{"level":"info","message":"88545655 -> [www.beeco.mn] 5708 batalgaajuulah code. : Thu Apr 19 2018 18:22:54 GMT+0800 (+08)"}
{"level":"info","message":"88545655 -> Амжилттай илгээлээ : Thu Apr 19 2018 18:22:54 GMT+0800 (+08)"}
{"level":"info","message":"88545655 -> Дугаар амжилттай баталгаажлаа : Thu Apr 19 2018 18:23:06 GMT+0800 (+08)"}
{"level":"info","message":"88545655 -> [www.beeco.mn] 5848 batalgaajuulah code. : Thu Apr 19 2018 18:26:25 GMT+0800 (+08)"}
{"level":"info","message":"88545655 -> Амжилттай илгээлээ : Thu Apr 19 2018 18:26:26 GMT+0800 (+08)"}
{"level":"info","message":"88545655 -> Дугаар амжилттай баталгаажлаа : Thu Apr 19 2018 18:26:36 GMT+0800 (+08)"}
{"level":"info","message":"88545655 -> Дугаар амжилттай баталгаажлаа : Fri Apr 20 2018 09:27:08 GMT+0800 (+08)"}
{"level":"info","message":"88545655 -> Дугаар амжилттай баталгаажлаа : Fri Apr 20 2018 09:47:24 GMT+0800 (+08)"}
{"level":"info","message":"88545655 -> Дугаар амжилттай баталгаажлаа : Fri Apr 20 2018 09:52:15 GMT+0800 (+08)"}
{"level":"info","message":"88545655 -> [www.beeco.mn] 4466 batalgaajuulah code. : Fri Apr 20 2018 10:42:52 GMT+0800 (+08)"}
{"level":"info","message":"88545655 -> Амжилттай илгээлээ : Fri Apr 20 2018 10:42:52 GMT+0800 (+08)"}
{"level":"info","message":"88545655 -> Дугаар амжилттай баталгаажлаа : Fri Apr 20 2018 10:43:03 GMT+0800 (+08)"}
{"level":"info","message":"91919191 -> [www.beeco.mn] 6483 batalgaajuulah code. : Tue Apr 24 2018 18:06:02 GMT+0800 (+08)"}
{"level":"info","message":"91919191 -> Амжилттай илгээлээ : Tue Apr 24 2018 18:06:02 GMT+0800 (+08)"}
{"level":"info","message":"91919191 -> Дугаар амжилттай баталгаажлаа : Tue Apr 24 2018 18:06:16 GMT+0800 (+08)"}
{"level":"info","message":"12121212 -> Дугаар амжилттай баталгаажлаа : Wed Apr 25 2018 11:32:59 GMT+0800 (+08)"}
{"level":"info","message":"13131313 -> [www.beeco.mn] 2235 batalgaajuulah code. : Wed Apr 25 2018 11:53:38 GMT+0800 (+08)"}
{"level":"info","message":"13131313 -> Амжилттай илгээлээ : Wed Apr 25 2018 11:53:38 GMT+0800 (+08)"}
{"level":"info","message":"13131313 -> Дугаар амжилттай баталгаажлаа : Wed Apr 25 2018 11:54:16 GMT+0800 (+08)"}
{"level":"info","message":"14141414 -> Дугаар амжилттай баталгаажлаа : Wed Apr 25 2018 11:59:15 GMT+0800 (+08)"}
{"level":"info","message":"16161616 -> Дугаар амжилттай баталгаажлаа : Wed Apr 25 2018 13:12:53 GMT+0800 (+08)"}
{"level":"info","message":"17171717 -> Дугаар амжилттай баталгаажлаа : Wed Apr 25 2018 13:23:01 GMT+0800 (+08)"}
{"level":"info","message":"18181818 -> Дугаар амжилттай баталгаажлаа : Wed Apr 25 2018 13:34:44 GMT+0800 (+08)"}
{"level":"info","message":"1919191 -> Дугаар амжилттай баталгаажлаа : Wed Apr 25 2018 13:48:00 GMT+0800 (+08)"}
{"level":"info","message":"90095161 -> Дугаар амжилттай баталгаажлаа : Tue May 01 2018 10:44:32 GMT+0800 (+08)"}
{"level":"info","message":"90095161 -> Дугаар амжилттай баталгаажлаа : Tue May 01 2018 10:52:29 GMT+0800 (+08)"}
{"level":"info","message":"90095161 -> Дугаар амжилттай баталгаажлаа : Tue May 01 2018 10:56:26 GMT+0800 (+08)"}
{"level":"info","message":"90095161 -> Дугаар амжилттай баталгаажлаа : Tue May 01 2018 11:18:33 GMT+0800 (+08)"}
{"level":"info","message":"90095161 -> Дугаар амжилттай баталгаажлаа : Tue May 01 2018 11:56:12 GMT+0800 (+08)"}
{"level":"info","message":"88888888 -> Дугаар амжилттай баталгаажлаа : Tue May 01 2018 12:15:01 GMT+0800 (+08)"}
{"level":"info","message":"88545655 -> Дугаар амжилттай баталгаажлаа : Fri May 11 2018 11:10:49 GMT+0800 (+08)"}
{"level":"info","message":"88545655 -> Дугаар амжилттай баталгаажлаа : Mon May 14 2018 10:57:34 GMT+0800 (+08)"}
{"level":"info","message":"88008800 -> Дугаар амжилттай баталгаажлаа : Mon May 14 2018 11:18:42 GMT+0800 (+08)"}
{"level":"info","message":"90909090 -> Дугаар амжилттай баталгаажлаа : Wed May 16 2018 12:04:00 GMT+0800 (+08)"}
<<<<<<< HEAD
{"level":"info","message":"88545655 -> Дугаар амжилттай баталгаажлаа : Thu May 17 2018 16:56:45 GMT+0800 (+08)"}
{"level":"info","message":"88998894 -> Дугаар амжилттай баталгаажлаа : Thu May 17 2018 16:59:05 GMT+0800 (+08)"}
{"level":"info","message":"88545655 -> Дугаар амжилттай баталгаажлаа : Thu May 17 2018 17:00:15 GMT+0800 (+08)"}
{"level":"info","message":"98115623 -> Дугаар амжилттай баталгаажлаа : Thu May 17 2018 17:04:07 GMT+0800 (+08)"}
{"level":"info","message":"90095161 -> Дугаар амжилттай баталгаажлаа : Thu May 17 2018 17:04:51 GMT+0800 (+08)"}
{"level":"info","message":"98115623 -> Дугаар амжилттай баталгаажлаа : Thu May 17 2018 17:08:45 GMT+0800 (+08)"}
{"level":"info","message":"98115623 -> Дугаар амжилттай баталгаажлаа : Thu May 17 2018 17:22:24 GMT+0800 (+08)"}
{"level":"info","message":"98115623 -> Дугаар амжилттай баталгаажлаа : Thu May 17 2018 17:32:20 GMT+0800 (+08)"}
=======
{"level":"info","message":"88995655 -> Дугаар амжилттай баталгаажлаа : Thu May 17 2018 17:18:47 GMT+0800 (+08)"}
{"level":"info","message":"88545655 -> Дугаар амжилттай баталгаажлаа : Thu May 17 2018 17:27:24 GMT+0800 (+08)"}
{"level":"info","message":"98115623 -> Дугаар амжилттай баталгаажлаа : Thu May 17 2018 17:34:42 GMT+0800 (+08)"}
{"level":"info","message":"98115623 -> Дугаар амжилттай баталгаажлаа : Thu May 17 2018 17:36:10 GMT+0800 (+08)"}
{"level":"info","message":"88545653 -> Дугаар амжилттай баталгаажлаа : Thu May 17 2018 17:36:10 GMT+0800 (+08)"}
{"level":"info","message":"88545653 -> Дугаар амжилттай баталгаажлаа : Thu May 17 2018 17:36:11 GMT+0800 (+08)"}
{"level":"info","message":"90909777 -> Дугаар амжилттай баталгаажлаа : Thu May 17 2018 17:38:50 GMT+0800 (+08)"}
{"level":"info","message":"90095161 -> Дугаар амжилттай баталгаажлаа : Thu May 17 2018 17:39:23 GMT+0800 (+08)"}
{"level":"info","message":"98115623 -> Дугаар амжилттай баталгаажлаа : Thu May 17 2018 17:40:34 GMT+0800 (+08)"}
{"level":"info","message":"98115623 -> Дугаар амжилттай баталгаажлаа : Thu May 17 2018 17:42:46 GMT+0800 (+08)"}
{"level":"info","message":"11111111 -> Дугаар амжилттай баталгаажлаа : Mon May 21 2018 09:59:26 GMT+0800 (+08)"}
{"level":"info","message":"22222222 -> Дугаар амжилттай баталгаажлаа : Mon May 21 2018 10:11:49 GMT+0800 (+08)"}
{"level":"info","message":"66666666 -> Дугаар амжилттай баталгаажлаа : Mon May 21 2018 10:48:28 GMT+0800 (+08)"}
{"level":"info","message":"66666666 -> Дугаар амжилттай баталгаажлаа : Mon May 21 2018 10:48:29 GMT+0800 (+08)"}
{"level":"info","message":"33333333 -> Дугаар амжилттай баталгаажлаа : Mon May 21 2018 10:55:16 GMT+0800 (+08)"}
{"level":"info","message":"44444444 -> Дугаар амжилттай баталгаажлаа : Mon May 21 2018 10:58:43 GMT+0800 (+08)"}
{"level":"info","message":"33333333 -> Дугаар амжилттай баталгаажлаа : Mon May 21 2018 11:00:12 GMT+0800 (+08)"}
{"level":"info","message":"00000000 -> Дугаар амжилттай баталгаажлаа : Mon May 21 2018 11:54:46 GMT+0800 (+08)"}
>>>>>>> 82915fc07d9242b615b0413a58a67dd8a6f60e83
{"level":"info","message":"90091234 -> Дугаар амжилттай баталгаажлаа : Wed May 23 2018 15:11:18 GMT+0800 (+08)"}
{"level":"info","message":"66665558 -> Дугаар амжилттай баталгаажлаа : Wed May 23 2018 15:34:37 GMT+0800 (+08)"}
{"level":"info","message":"88888888 -> Дугаар амжилттай баталгаажлаа : Wed May 23 2018 17:01:30 GMT+0800 (+08)"}
{"level":"info","message":"88998894 -> [www.beeco.mn] 9489 batalgaajuulah code. : Tue Jun 12 2018 10:10:39 GMT+0800 (+08)"}
{"level":"info","message":"88998894 -> Амжилттай илгээлээ : Tue Jun 12 2018 10:10:39 GMT+0800 (+08)"}
{"level":"info","message":"90091234 -> [www.beeco.mn] 7312 batalgaajuulah code. : Tue Jun 12 2018 10:33:21 GMT+0800 (+08)"}
{"level":"info","message":"90091234 -> Амжилттай илгээлээ : Tue Jun 12 2018 10:33:22 GMT+0800 (+08)"}
{"level":"info","message":"88998894 -> Дугаар амжилттай баталгаажлаа : Fri Jun 29 2018 15:09:13 GMT+0800 (+08)"}
{"level":"info","message":"90095161 -> Дугаар амжилттай баталгаажлаа : Fri Jun 29 2018 15:12:56 GMT+0800 (+08)"}
{"level":"info","message":"88998894 -> [www.beeco.mn] 7728 batalgaajuulah code. : Tue Jul 24 2018 09:55:27 GMT+0800 (+08)"}
{"level":"info","message":"88998894 -> Амжилттай илгээлээ : Tue Jul 24 2018 09:55:28 GMT+0800 (+08)"}
{"level":"info","message":"88888888 -> [www.beeco.mn] 2009 batalgaajuulah code. : Thu Jul 26 2018 14:55:38 GMT+0800 (+08)"}
{"level":"info","message":"88888888 -> Амжилттай илгээлээ : Thu Jul 26 2018 14:55:38 GMT+0800 (+08)"}
{"level":"info","message":"88888888 -> Дугаар амжилттай баталгаажлаа : Thu Jul 26 2018 14:55:51 GMT+0800 (+08)"}
{"level":"info","message":"77777777 -> [www.beeco.mn] 3968 batalgaajuulah code. : Thu Jul 26 2018 15:00:26 GMT+0800 (+08)"}
{"level":"info","message":"77777777 -> Амжилттай илгээлээ : Thu Jul 26 2018 15:00:26 GMT+0800 (+08)"}
{"level":"info","message":"77777777 -> Дугаар амжилттай баталгаажлаа : Thu Jul 26 2018 15:00:50 GMT+0800 (+08)"}
