\BOOKMARK [0][-]{section*.2}{\376\377\004\027\004\076\004\105\004\070\004\076\004\063\004\107\000\040\004\115\004\100\004\105\004\070\004\071\004\075\000\040\004\105\004\060\004\074\004\063\004\060\004\060\004\073\004\060\004\073}{}% 1
\BOOKMARK [0][-]{section*.2}{\376\377\004\045\004\103\004\100\004\060\004\060\004\075\004\063\004\103\004\071}{}% 2
\BOOKMARK [0][-]{section*.3}{\376\377\004\042\004\060\004\073\004\060\004\100\004\105\004\060\004\073}{}% 3
\BOOKMARK [0][-]{table.5}{\376\377\004\042\004\076\004\062\004\107\004\070\004\073\004\101\004\076\004\075\000\040\004\257\004\063\004\101}{}% 4
\BOOKMARK [0][-]{chapter.8}{\376\377\004\045\004\070\004\107\004\115\004\115\004\073\004\070\004\071\004\075\000\040\004\105\004\103\004\103\004\064\004\060\004\101\000\040\004\062\004\065\004\061\000\040\004\101\004\070\004\101\004\102\004\065\004\074\004\070\004\071\004\075\000\040\004\101\004\103\004\064\004\060\004\073\004\063\004\060\004\060}{}% 5
\BOOKMARK [1][-]{section.9}{\376\377\004\027\004\076\004\100\004\070\004\073\004\063\004\076}{chapter.8}% 6
\BOOKMARK [2][-]{subsection.10}{\376\377\004\027\004\076\004\100\004\070\004\073\004\102}{section.9}% 7
\BOOKMARK [2][-]{subsection.11}{\376\377\004\041\004\070\004\101\004\102\004\065\004\074\004\070\004\071\004\063\000\040\004\105\004\351\004\063\004\066\004\257\004\257\004\073\004\115\004\105\000\040\004\257\004\075\004\064\004\115\004\101\004\073\004\115\004\073}{section.9}% 8
\BOOKMARK [2][-]{subsection.12}{\376\377\004\041\004\070\004\101\004\102\004\065\004\074\004\070\004\071\004\075\000\040\004\106\004\060\004\100\000\040\004\105\004\257\004\100\004\115\004\115}{section.9}% 9
\BOOKMARK [2][-]{subsection.13}{\376\377\004\050\004\070\004\075\004\115\004\073\004\115\004\063\000\040\004\102\004\060\004\073}{section.9}% 10
\BOOKMARK [1][-]{section.14}{\376\377\004\042\004\351\004\101\004\102\004\115\004\071\000\040\004\101\004\070\004\101\004\102\004\065\004\074\004\070\004\071\004\075\000\040\004\101\004\103\004\064\004\060\004\073\004\063\004\060\004\060}{chapter.8}% 11
\BOOKMARK [2][-]{subsection.15}{\376\377\004\030\004\066\004\070\004\073\000\040\004\102\004\351\004\101\004\102\004\115\004\071\000\040\004\074\004\076\004\075\004\063\004\076\004\073\000\040\004\101\004\070\004\101\004\102\004\065\004\074}{section.14}% 12
\BOOKMARK [2][-]{subsection.18}{\376\377\004\030\004\066\004\070\004\073\000\040\004\102\004\351\004\101\004\102\004\115\004\071\000\040\004\063\004\060\004\064\004\060\004\060\004\064\000\040\004\101\004\070\004\101\004\102\004\065\004\074}{section.14}% 13
\BOOKMARK [1][-]{section.21}{\376\377\004\042\004\065\004\105\004\075\004\076\004\073\004\076\004\063\004\070\004\071\004\075\000\040\004\101\004\103\004\064\004\060\004\073\004\063\004\060\004\060}{chapter.8}% 14
\BOOKMARK [2][-]{subsection.22}{\376\377\000M\000o\000d\000e\000l\000\040\000V\000i\000e\000w\000\040\000C\000o\000n\000t\000r\000o\000l\000l\000e\000r\000\050\000M\000V\000C\000\051\000\040\004\060\004\100\004\105\004\070\004\102\004\065\004\072\004\102\004\103\004\100}{section.21}% 15
\BOOKMARK [2][-]{subsection.23}{\376\377\000M\000y\000S\000Q\000L}{section.21}% 16
\BOOKMARK [2][-]{subsection.24}{\376\377\000P\000h\000p}{section.21}% 17
\BOOKMARK [2][-]{subsection.25}{\376\377\000J\000Q\000u\000e\000r\000y}{section.21}% 18
\BOOKMARK [2][-]{subsection.26}{\376\377\000S\000e\000r\000v\000i\000c\000e}{section.21}% 19
\BOOKMARK [1][-]{section.27}{\376\377\004\021\004\257\004\073\004\063\004\070\004\071\004\075\000\040\004\064\004\257\004\063\004\075\004\115\004\073\004\102}{chapter.8}% 20
\BOOKMARK [0][-]{chapter.28}{\376\377\004\045\004\070\004\107\004\115\004\115\004\073\004\070\004\071\004\075\000\040\004\105\004\103\004\103\004\064\004\060\004\101\000\040\004\062\004\065\004\061\000\040\004\101\004\070\004\101\004\102\004\065\004\074\004\070\004\071\004\075\000\040\004\110\004\070\004\075\004\066\004\070\004\073\004\063\004\115\004\115\004\075\004\070\004\071\000\040\004\105\004\115\004\101\004\115\004\063}{}% 21
\BOOKMARK [1][-]{section.29}{\376\377\004\041\004\070\004\101\004\102\004\065\004\074\004\070\004\071\004\063\000\040\004\060\004\110\004\070\004\063\004\073\004\060\004\105\000\040\004\105\004\115\004\100\004\115\004\063\004\073\004\115\004\063\004\107\004\070\004\064}{chapter.28}% 22
\BOOKMARK [1][-]{section.30}{\376\377\004\044\004\103\004\075\004\072\004\106\004\070\004\076\004\075\004\060\004\073\004\114\000\040\004\110\004\060\004\060\004\100\004\064\004\073\004\060\004\063\004\060}{chapter.28}% 23
\BOOKMARK [1][-]{section.39}{\376\377\004\044\004\103\004\075\004\072\004\106\004\070\004\076\004\075\004\060\004\073\004\114\000\040\004\061\004\103\004\101\000\040\004\110\004\060\004\060\004\100\004\064\004\073\004\060\004\063\004\060}{chapter.28}% 24
\BOOKMARK [1][-]{section.44}{\376\377\004\056\004\067\004\072\004\065\004\071\004\101\000\040\004\064\004\070\004\060\004\063\004\100\004\060\004\074}{chapter.28}% 25
\BOOKMARK [1][-]{section.46}{\376\377\004\056\004\067\004\072\004\065\004\071\004\101\000\040\004\064\004\070\004\060\004\063\004\100\004\060\004\074\004\113\004\075\000\040\004\102\004\076\004\064\004\076\004\100\004\105\004\076\004\071\004\073\004\076\004\073\004\102}{chapter.28}% 26
\BOOKMARK [1][-]{section.74}{\376\377\004\256\004\071\004\073\000\040\004\060\004\066\004\070\004\073\004\073\004\060\004\063\004\060\004\060\004\075\004\113\000\040\004\064\004\070\004\060\004\063\004\100\004\060\004\074}{chapter.28}% 27
\BOOKMARK [1][-]{section.77}{\376\377\004\024\004\060\004\100\004\060\004\060\004\073\004\073\004\113\004\075\000\040\004\064\004\070\004\060\004\063\004\100\004\060\004\074}{chapter.28}% 28
\BOOKMARK [1][-]{section.81}{\376\377\004\021\004\257\004\073\004\063\004\070\004\071\004\075\000\040\004\064\004\257\004\063\004\075\004\115\004\073\004\102}{chapter.28}% 29
\BOOKMARK [0][-]{chapter.82}{\376\377\004\041\004\070\004\101\004\102\004\065\004\074\004\070\004\071\004\075\000\040\004\067\004\076\004\105\004\070\004\076\004\074\004\066}{}% 30
\BOOKMARK [1][-]{section.83}{\376\377\004\350\004\063\004\351\004\063\004\064\004\073\004\070\004\071\004\075\000\040\004\065\004\100\004\351\004\075\004\105\004\070\004\071\000\040\004\101\004\105\004\065\004\074\000:}{chapter.82}% 31
\BOOKMARK [1][-]{section.85}{\376\377\004\032\004\073\004\060\004\101\004\101\000\040\004\064\004\070\004\060\004\063\004\100\004\060\004\074}{chapter.82}% 32
\BOOKMARK [1][-]{section.87}{\376\377\004\045\004\115\004\100\004\115\004\063\004\073\004\115\004\063\004\107\004\070\004\071\004\075\000\040\004\070\004\075\004\102\004\065\004\100\004\104\004\065\004\071\004\101\000\040}{chapter.82}% 33
\BOOKMARK [1][-]{section.97}{\376\377\004\021\004\257\004\073\004\063\004\070\004\071\004\075\000\040\004\064\004\257\004\063\004\075\004\115\004\073\004\102}{chapter.82}% 34
\BOOKMARK [1][-]{section.98}{\376\377\004\025\004\100\004\351\004\075\004\105\004\070\004\071\000\040\004\064\004\257\004\063\004\075\004\115\004\073\004\102}{chapter.82}% 35
