\BOOKMARK [0][-]{figure.caption.1}{\376\377\004\045\004\103\004\100\004\060\004\060\004\075\004\063\004\103\004\071}{}% 1
\BOOKMARK [0][-]{table.3}{\376\377\004\035\004\115\004\100\000\040\004\102\004\076\004\074\004\112\004\121\004\076\004\075\004\113\000\040\004\102\004\060\004\071\004\073\004\061\004\060\004\100}{}% 2
\BOOKMARK [0][-]{chapter.7}{\376\377\004\041\004\070\004\101\004\102\004\065\004\074\004\070\004\071\004\075\000\040\004\102\004\060\004\075\004\070\004\073\004\106\004\103\004\103\004\073\004\063\004\060}{}% 3
\BOOKMARK [1][-]{section.8}{\376\377\004\043\004\064\004\070\004\100\004\102\004\063\004\060\004\073}{chapter.7}% 4
\BOOKMARK [1][-]{section.9}{\376\377\004\027\004\076\004\100\004\070\004\073\004\063\004\076}{chapter.7}% 5
\BOOKMARK [1][-]{section.10}{\376\377\004\027\004\076\004\100\004\070\004\073\004\102}{chapter.7}% 6
\BOOKMARK [1][-]{section.11}{\376\377\004\045\004\115\004\100\004\115\004\063\004\073\004\115\004\063\004\107\004\070\004\071\004\075\000\040\004\101\004\103\004\064\004\060\004\073\004\063\004\060\004\060}{chapter.7}% 7
\BOOKMARK [1][-]{section.15}{\376\377\004\042\004\065\004\105\004\075\004\076\004\073\004\076\004\063\004\070\004\071\004\075\000\040\004\101\004\103\004\064\004\060\004\073\004\063\004\060\004\060}{chapter.7}% 8
\BOOKMARK [2][-]{subsection.16}{\376\377\004\030\004\066\004\070\004\073\000\040\004\102\004\351\004\101\004\102\004\115\004\071\000\040\004\101\004\070\004\101\004\102\004\065\004\074\004\257\004\257\004\064}{section.15}% 9
\BOOKMARK [2][-]{subsection.18}{\376\377\000M\000y\000S\000Q\000L}{section.15}% 10
\BOOKMARK [2][-]{subsection.19}{\376\377\000P\000h\000p}{section.15}% 11
\BOOKMARK [2][-]{subsection.20}{\376\377\000J\000Q\000u\000e\000r\000y}{section.15}% 12
\BOOKMARK [0][-]{chapter.21}{\376\377\004\041\004\070\004\101\004\102\004\065\004\074\004\070\004\071\004\075\000\040\004\101\004\103\004\064\004\060\004\073\004\063\004\060\004\060}{}% 13
\BOOKMARK [1][-]{section.22}{\376\377\004\041\004\070\004\101\004\102\004\065\004\074\004\070\004\071\004\075\000\040\004\257\004\071\004\073\000\040\004\060\004\066\004\070\004\073\004\073\004\060\004\063\004\060\004\060\004\075\004\113\000\040\004\102\004\103\004\105\004\060\004\071\000\040\004\064\004\115\004\073\004\063\004\115\004\100\004\115\004\075\004\063\004\257\004\071\000\040}{chapter.21}% 14
\BOOKMARK [1][-]{section.23}{\376\377\004\041\004\070\004\101\004\102\004\065\004\074\004\070\004\071\004\063\000\040\004\060\004\110\004\070\004\063\004\073\004\060\004\105\000\040\004\105\004\115\004\100\004\115\004\063\004\073\004\115\004\063\004\107\004\070\004\064}{chapter.21}% 15
\BOOKMARK [1][-]{section.24}{\376\377\004\044\004\103\004\075\004\072\004\106\004\070\004\076\004\075\004\060\004\073\004\114\000\040\004\110\004\060\004\060\004\100\004\064\004\073\004\060\004\063\004\060}{chapter.21}% 16
\BOOKMARK [1][-]{section.32}{\376\377\004\044\004\103\004\075\004\072\004\106\004\070\004\076\004\075\004\060\004\073\000\040\004\061\004\103\004\101\000\040\004\110\004\060\004\060\004\100\004\064\004\073\004\060\004\063\004\060}{chapter.21}% 17
\BOOKMARK [1][-]{section.35}{\376\377\004\021\004\070\004\067\004\075\004\065\004\101\000\040\004\077\004\100\004\076\004\106\004\065\004\101\004\101\000\040\004\064\004\070\004\060\004\063\004\100\004\060\004\074}{chapter.21}% 18
\BOOKMARK [1][-]{section.36}{\376\377\004\056\004\067\004\072\004\065\004\071\004\101\000\040\004\064\004\070\004\060\004\063\004\100\004\060\004\074}{chapter.21}% 19
\BOOKMARK [0][-]{chapter.43}{\376\377\004\041\004\070\004\101\004\102\004\065\004\074\004\070\004\071\004\075\000\040\004\067\004\076\004\105\004\070\004\076\004\074\004\066}{}% 20
\BOOKMARK [1][-]{section.44}{\376\377\004\256\004\071\004\073\000\040\004\060\004\066\004\070\004\073\004\073\004\060\004\063\004\060\004\060\004\075\004\113\000\040\004\064\004\070\004\060\004\063\004\100\004\060\004\074}{chapter.43}% 21
\BOOKMARK [1][-]{section.47}{\376\377\004\032\004\073\004\060\004\101\004\101\000\040\004\064\004\070\004\060\004\063\004\100\004\060\004\074}{chapter.43}% 22
\BOOKMARK [1][-]{section.49}{\376\377\004\024\004\060\004\100\004\060\004\060\004\073\004\073\004\113\004\075\000\040\004\064\004\070\004\060\004\063\004\100\004\060\004\074\000\040}{chapter.43}% 23
\BOOKMARK [1][-]{section.50}{\376\377\004\042\004\351\004\073\004\351\004\062\004\070\004\071\004\075\000\040\004\064\004\070\004\060\004\063\004\100\004\060\004\074\000\040}{chapter.43}% 24
\BOOKMARK [1][-]{section.51}{\376\377\004\045\004\115\004\100\004\115\004\063\004\073\004\115\004\063\004\107\004\070\004\071\004\075\000\040\004\070\004\075\004\102\004\065\004\100\004\104\004\065\004\071\004\101\000\040}{chapter.43}% 25
\BOOKMARK [1][-]{section.55}{\376\377\004\042\004\065\004\101\004\102\004\070\004\071\004\075\000\040\004\067\004\076\004\105\004\070\004\076\004\074\004\066}{chapter.43}% 26
