\BOOKMARK [0][-]{figure.caption.1}{\376\377\004\045\004\103\004\100\004\060\004\060\004\075\004\063\004\103\004\071}{}% 1
\BOOKMARK [0][-]{chapter.4}{\376\377\004\036\004\100\004\110\004\070\004\073}{}% 2
\BOOKMARK [1][-]{section.5}{\376\377\004\027\004\076\004\100\004\070\004\073\004\063\004\076}{chapter.4}% 3
\BOOKMARK [1][-]{section.6}{\376\377\004\027\004\076\004\100\004\070\004\073\004\102\004\103\004\103\004\064}{chapter.4}% 4
\BOOKMARK [1][-]{section.7}{\376\377\004\256\004\075\004\115\004\073\004\063\004\115\004\115}{chapter.4}% 5
\BOOKMARK [1][-]{section.8}{\376\377\004\045\004\351\004\063\004\066\004\257\004\257\004\073\004\115\004\073\004\102\004\115\004\064\000\040\004\060\004\110\004\070\004\063\004\073\004\060\004\105\000\040\004\060\004\073\004\063\004\076\004\100\004\070\004\102\004\074}{chapter.4}% 6
\BOOKMARK [1][-]{section.9}{\376\377\004\042\004\065\004\105\004\075\004\076\004\073\004\076\004\063\004\070\004\071\004\075\000\040\004\101\004\103\004\064\004\060\004\073\004\063\004\060\004\060}{chapter.4}% 7
\BOOKMARK [2][-]{subsection.10}{\376\377\000M\000y\000S\000Q\000L}{section.9}% 8
\BOOKMARK [2][-]{subsection.11}{\376\377\000P\000h\000p}{section.9}% 9
\BOOKMARK [2][-]{subsection.12}{\376\377\004\041\004\070\004\101\004\102\004\065\004\074\004\070\004\071\004\075\000\040\004\101\004\103\004\064\004\060\004\073\004\063\004\060\004\060}{section.9}% 10
\BOOKMARK [3][-]{subsubsection*.13}{\376\377\004\036\004\116\004\103\004\102\004\075\004\113\000\040\004\062\004\115\004\061}{subsection.12}% 11
\BOOKMARK [3][-]{subsubsection*.15}{\376\377\004\050\004\043\004\042\004\030\004\041\000\040\004\034\004\045\004\042\004\041\000\040\004\046\004\060\004\105\004\070\004\074\000\040\004\101\004\103\004\100\004\063\004\060\004\073\004\102}{subsection.12}% 12
\BOOKMARK [3][-]{subsubsection*.17}{\376\377\004\050\004\043\004\042\004\030\004\041\000\040\004\034\004\045\004\042\004\041\000\040\004\046\004\060\004\105\004\070\004\074\000\040\004\101\004\103\004\100\004\063\004\060\004\073\004\102}{subsection.12}% 13
\BOOKMARK [1][-]{section.19}{\376\377\004\021\004\257\004\073\004\063\004\070\004\071\004\075\000\040\004\064\004\257\004\063\004\075\004\115\004\073\004\102}{chapter.4}% 14
\BOOKMARK [0][-]{chapter.20}{\376\377\004\050\004\060\004\060\004\100\004\064\004\073\004\060\004\063\004\060\000,\000\040\004\067\004\076\004\105\004\070\004\076\004\074\004\066\004\070\004\071\004\075\000\040\004\061\004\257\004\073\004\115\004\063}{}% 15
\BOOKMARK [1][-]{section.21}{\376\377\004\034\004\076\004\064\004\103\004\073\004\070\004\071\004\075\000\040\004\257\004\071\004\073\000\040\004\060\004\066\004\070\004\073\004\073\004\060\004\063\004\060\004\060\004\075\004\113\000\040\004\102\004\103\004\105\004\060\004\071\000\040\004\064\004\115\004\073\004\063\004\115\004\100\004\115\004\075\004\063\004\257\004\071\000\040}{chapter.20}% 16
\BOOKMARK [1][-]{section.22}{\376\377\004\034\004\076\004\064\004\103\004\073\004\113\004\063\000\040\004\060\004\110\004\070\004\063\004\073\004\060\004\105\000\040\004\105\004\115\004\100\004\115\004\063\004\073\004\115\004\063\004\107\004\070\004\064}{chapter.20}% 17
\BOOKMARK [1][-]{section.23}{\376\377\004\044\004\103\004\075\004\072\004\106\004\070\004\076\004\075\004\060\004\073\000\040\004\110\004\060\004\060\004\100\004\064\004\073\004\060\004\063\004\060}{chapter.20}% 18
\BOOKMARK [2][-]{subsection.24}{\376\377\004\021\004\060\004\063\004\110\004\113\004\075\000\040\004\110\004\060\004\060\004\100\004\064\004\073\004\060\004\063\004\060}{section.23}% 19
\BOOKMARK [2][-]{subsection.25}{\376\377\004\036\004\116\004\103\004\102\004\075\004\113\000\040\004\110\004\060\004\060\004\100\004\064\004\073\004\060\004\063\004\060}{section.23}% 20
\BOOKMARK [2][-]{subsection.26}{\376\377\004\041\004\070\004\101\004\102\004\065\004\074\004\070\004\071\004\075\000\040\004\110\004\060\004\060\004\100\004\064\004\073\004\060\004\063\004\060}{section.23}% 21
\BOOKMARK [1][-]{section.27}{\376\377\004\044\004\103\004\075\004\072\004\106\004\070\004\076\004\075\004\060\004\073\004\114\000\040\004\061\004\103\004\101\000\040\004\110\004\060\004\060\004\100\004\064\004\073\004\060\004\063\004\060}{chapter.20}% 22
\BOOKMARK [1][-]{section.28}{\376\377\004\056\004\067\004\072\004\065\004\071\004\101\000\040\004\064\004\070\004\060\004\063\004\100\004\060\004\074}{chapter.20}% 23
\BOOKMARK [1][-]{section.30}{\376\377\004\056\004\067\004\072\004\065\004\071\004\101\000\040\004\064\004\070\004\060\004\063\004\100\004\060\004\074\004\113\004\075\000\040\004\102\004\076\004\064\004\076\004\100\004\105\004\076\004\071\004\073\004\076\004\073\004\102}{chapter.20}% 24
\BOOKMARK [1][-]{section.59}{\376\377\000E\000R\000D\000\040\004\064\004\070\004\060\004\063\004\100\004\060\004\074}{chapter.20}% 25
\BOOKMARK [1][-]{section.61}{\376\377\004\256\004\071\004\073\000\040\004\060\004\066\004\070\004\073\004\073\004\060\004\063\004\060\004\060\004\075\004\113\000\040\004\064\004\070\004\060\004\063\004\100\004\060\004\074}{chapter.20}% 26
\BOOKMARK [1][-]{section.65}{\376\377\004\024\004\060\004\100\004\060\004\060\004\073\004\073\004\113\004\075\000\040\004\064\004\070\004\060\004\063\004\100\004\060\004\074}{chapter.20}% 27
\BOOKMARK [1][-]{section.69}{\376\377\004\032\004\073\004\060\004\101\004\101\000\040\004\064\004\070\004\060\004\063\004\100\004\060\004\074}{chapter.20}% 28
\BOOKMARK [1][-]{section.71}{\376\377\004\021\004\257\004\073\004\063\004\070\004\071\004\075\000\040\004\064\004\257\004\063\004\075\004\115\004\073\004\102}{chapter.20}% 29
