\BOOKMARK [0][-]{chapter.3}{\376\377\004\036\004\100\004\110\004\070\004\073}{}% 1
\BOOKMARK [1][-]{section.4}{\376\377\004\027\004\076\004\100\004\070\004\073\004\063\004\076}{chapter.3}% 2
\BOOKMARK [1][-]{section.5}{\376\377\004\027\004\076\004\100\004\070\004\073\004\102\004\103\004\103\004\064}{chapter.3}% 3
\BOOKMARK [1][-]{section.6}{\376\377\004\256\004\075\004\115\004\073\004\063\004\115\004\115}{chapter.3}% 4
\BOOKMARK [1][-]{section.7}{\376\377\004\045\004\351\004\063\004\066\004\257\004\257\004\073\004\115\004\073\004\102\004\115\004\064\000\040\004\060\004\110\004\070\004\063\004\073\004\060\004\105\000\040\004\060\004\073\004\063\004\076\004\100\004\070\004\102\004\074}{chapter.3}% 5
\BOOKMARK [1][-]{section.8}{\376\377\004\042\004\065\004\105\004\075\004\076\004\073\004\076\004\063\004\070\004\071\004\075\000\040\004\101\004\103\004\064\004\060\004\073\004\063\004\060\004\060}{chapter.3}% 6
\BOOKMARK [2][-]{subsection.9}{\376\377\000M\000y\000S\000Q\000L}{section.8}% 7
\BOOKMARK [2][-]{subsection.10}{\376\377\000P\000h\000p}{section.8}% 8
\BOOKMARK [2][-]{subsection.11}{\376\377\004\041\004\070\004\101\004\102\004\065\004\074\004\070\004\071\004\075\000\040\004\101\004\103\004\064\004\060\004\073\004\063\004\060\004\060}{section.8}% 9
\BOOKMARK [3][-]{subsubsection*.12}{\376\377\004\036\004\116\004\103\004\102\004\075\004\113\000\040\004\062\004\115\004\061}{subsection.11}% 10
\BOOKMARK [3][-]{subsubsection*.14}{\376\377\004\050\004\043\004\042\004\030\004\041\000\040\004\034\004\045\004\042\004\041\000\040\004\046\004\060\004\105\004\070\004\074\000\040\004\101\004\103\004\100\004\063\004\060\004\073\004\102}{subsection.11}% 11
\BOOKMARK [3][-]{subsubsection*.16}{\376\377\004\050\004\043\004\042\004\030\004\041\000\040\004\034\004\045\004\042\004\041\000\040\004\046\004\060\004\105\004\070\004\074\000\040\004\101\004\103\004\100\004\063\004\060\004\073\004\102}{subsection.11}% 12
\BOOKMARK [1][-]{section.18}{\376\377\004\021\004\257\004\073\004\063\004\070\004\071\004\075\000\040\004\064\004\257\004\063\004\075\004\115\004\073\004\102}{chapter.3}% 13
\BOOKMARK [0][-]{chapter.19}{\376\377\004\050\004\060\004\060\004\100\004\064\004\073\004\060\004\063\004\060\000,\000\040\004\067\004\076\004\105\004\070\004\076\004\074\004\066\004\070\004\071\004\075\000\040\004\061\004\257\004\073\004\115\004\063}{}% 14
\BOOKMARK [1][-]{section.20}{\376\377\004\034\004\076\004\064\004\103\004\073\004\070\004\071\004\075\000\040\004\257\004\071\004\073\000\040\004\060\004\066\004\070\004\073\004\073\004\060\004\063\004\060\004\060\004\075\004\113\000\040\004\102\004\103\004\105\004\060\004\071\000\040\004\064\004\115\004\073\004\063\004\115\004\100\004\115\004\075\004\063\004\257\004\071\000\040}{chapter.19}% 15
\BOOKMARK [1][-]{section.21}{\376\377\004\034\004\076\004\064\004\103\004\073\004\113\004\063\000\040\004\060\004\110\004\070\004\063\004\073\004\060\004\105\000\040\004\105\004\115\004\100\004\115\004\063\004\073\004\115\004\063\004\107\004\070\004\064}{chapter.19}% 16
\BOOKMARK [1][-]{section.22}{\376\377\004\044\004\103\004\075\004\072\004\106\004\070\004\076\004\075\004\060\004\073\000\040\004\110\004\060\004\060\004\100\004\064\004\073\004\060\004\063\004\060}{chapter.19}% 17
\BOOKMARK [2][-]{subsection.23}{\376\377\004\021\004\060\004\063\004\110\004\113\004\075\000\040\004\110\004\060\004\060\004\100\004\064\004\073\004\060\004\063\004\060}{section.22}% 18
\BOOKMARK [2][-]{subsection.24}{\376\377\004\036\004\116\004\103\004\102\004\075\004\113\000\040\004\110\004\060\004\060\004\100\004\064\004\073\004\060\004\063\004\060}{section.22}% 19
\BOOKMARK [2][-]{subsection.25}{\376\377\004\041\004\070\004\101\004\102\004\065\004\074\004\070\004\071\004\075\000\040\004\110\004\060\004\060\004\100\004\064\004\073\004\060\004\063\004\060}{section.22}% 20
\BOOKMARK [1][-]{section.26}{\376\377\004\044\004\103\004\075\004\072\004\106\004\070\004\076\004\075\004\060\004\073\004\114\000\040\004\061\004\103\004\101\000\040\004\110\004\060\004\060\004\100\004\064\004\073\004\060\004\063\004\060}{chapter.19}% 21
\BOOKMARK [1][-]{section.27}{\376\377\004\056\004\067\004\072\004\065\004\071\004\101\000\040\004\064\004\070\004\060\004\063\004\100\004\060\004\074}{chapter.19}% 22
\BOOKMARK [1][-]{section.29}{\376\377\004\056\004\067\004\072\004\065\004\071\004\101\000\040\004\064\004\070\004\060\004\063\004\100\004\060\004\074\004\113\004\075\000\040\004\102\004\076\004\064\004\076\004\100\004\105\004\076\004\071\004\073\004\076\004\073\004\102}{chapter.19}% 23
\BOOKMARK [1][-]{section.58}{\376\377\000E\000R\000D\000\040\004\064\004\070\004\060\004\063\004\100\004\060\004\074}{chapter.19}% 24
\BOOKMARK [1][-]{section.60}{\376\377\004\256\004\071\004\073\000\040\004\060\004\066\004\070\004\073\004\073\004\060\004\063\004\060\004\060\004\075\004\113\000\040\004\064\004\070\004\060\004\063\004\100\004\060\004\074}{chapter.19}% 25
\BOOKMARK [1][-]{section.64}{\376\377\004\024\004\060\004\100\004\060\004\060\004\073\004\073\004\113\004\075\000\040\004\064\004\070\004\060\004\063\004\100\004\060\004\074}{chapter.19}% 26
\BOOKMARK [1][-]{section.68}{\376\377\004\032\004\073\004\060\004\101\004\101\000\040\004\064\004\070\004\060\004\063\004\100\004\060\004\074}{chapter.19}% 27
\BOOKMARK [1][-]{section.70}{\376\377\004\021\004\257\004\073\004\063\004\070\004\071\004\075\000\040\004\064\004\257\004\063\004\075\004\115\004\073\004\102}{chapter.19}% 28
