This is pdfTeX, Version 3.14159265-2.6-1.40.18 (TeX Live 2017/Debian) (preloaded format=pdflatex 2018.10.18)  18 OCT 2018 17:00
entering extended mode
 restricted \write18 enabled.
 %&-line parsing enabled.
**chapter1.tex
(./chapter1.tex
LaTeX2e <2017-04-15>
Babel <3.18> and hyphenation patterns for 29 language(s) loaded.
(/usr/share/texlive/texmf-dist/tex/latex/base/article.cls
Document Class: article 2014/09/29 v1.4h Standard LaTeX document class
(/usr/share/texlive/texmf-dist/tex/latex/base/size12.clo
File: size12.clo 2014/09/29 v1.4h Standard LaTeX file (size option)
)
\c@part=\count79
\c@section=\count80
\c@subsection=\count81
\c@subsubsection=\count82
\c@paragraph=\count83
\c@subparagraph=\count84
\c@figure=\count85
\c@table=\count86
\abovecaptionskip=\skip41
\belowcaptionskip=\skip42
\bibindent=\dimen102
)
(/usr/share/texlive/texmf-dist/tex/latex/geometry/geometry.sty
Package: geometry 2010/09/12 v5.6 Page Geometry

(/usr/share/texlive/texmf-dist/tex/latex/graphics/keyval.sty
Package: keyval 2014/10/28 v1.15 key=value parser (DPC)
\KV@toks@=\toks14
)
(/usr/share/texlive/texmf-dist/tex/generic/oberdiek/ifpdf.sty
Package: ifpdf 2017/03/15 v3.2 Provides the ifpdf switch
)
(/usr/share/texlive/texmf-dist/tex/generic/oberdiek/ifvtex.sty
Package: ifvtex 2016/05/16 v1.6 Detect VTeX and its facilities (HO)
Package ifvtex Info: VTeX not detected.
)
(/usr/share/texlive/texmf-dist/tex/generic/ifxetex/ifxetex.sty
Package: ifxetex 2010/09/12 v0.6 Provides ifxetex conditional
)
\Gm@cnth=\count87
\Gm@cntv=\count88
\c@Gm@tempcnt=\count89
\Gm@bindingoffset=\dimen103
\Gm@wd@mp=\dimen104
\Gm@odd@mp=\dimen105
\Gm@even@mp=\dimen106
\Gm@layoutwidth=\dimen107
\Gm@layoutheight=\dimen108
\Gm@layouthoffset=\dimen109
\Gm@layoutvoffset=\dimen110
\Gm@dimlist=\toks15
)
(/usr/share/texlive/texmf-dist/tex/generic/babel/babel.sty
Package: babel 2018/02/14 3.18 The Babel package

(/usr/share/texlive/texmf-dist/tex/generic/babel/switch.def
File: switch.def 2018/02/14 3.18 Babel switching mechanism
)

! Package babel Error: Unknown option `mongolian'. Either you misspelled it
(babel)                or the language definition file mongolian.ldf was not fo
und.

See the babel package documentation for explanation.
Type  H <return>  for immediate help.
 ...                                              
                                                  
l.445 \ProcessOptions*
                      
Valid options are: shorthands=, KeepShorthandsActive,
activeacute, activegrave, noconfigs, safe=, main=, math=
headfoot=, strings=, config=, hyphenmap=, or a language name.


! Package babel Error: You haven't specified a language option.

See the babel package documentation for explanation.
Type  H <return>  for immediate help.
 ...                                              
                                                  
l.478 ...ry to proceed from here, type x to quit.}
                                                  
You need to specify a language, either as a global option
or as an optional argument to the \usepackage command;
You shouldn't try to proceed from here, type x to quit.

) (/usr/share/texlive/texmf-dist/tex/latex/anysize/anysize.sty
Package: anysize 1994/08/13 setting margin sizes

document style option `anysize' loaded
Michael Salzenberg, Thomas Esser, Dirk Hillbrecht
Version 1.0, Aug 13, 1994
\@Leftmargin=\dimen111
\@Rightmargin=\dimen112
\@Topmargin=\dimen113
\@Bottommargin=\dimen114
) (./chapter1.aux)
\openout1 = `chapter1.aux'.

LaTeX Font Info:    Checking defaults for OML/cmm/m/it on input line 7.
LaTeX Font Info:    ... okay on input line 7.
LaTeX Font Info:    Checking defaults for T1/cmr/m/n on input line 7.
LaTeX Font Info:    ... okay on input line 7.
LaTeX Font Info:    Checking defaults for OT1/cmr/m/n on input line 7.
LaTeX Font Info:    ... okay on input line 7.
LaTeX Font Info:    Checking defaults for OMS/cmsy/m/n on input line 7.
LaTeX Font Info:    ... okay on input line 7.
LaTeX Font Info:    Checking defaults for OMX/cmex/m/n on input line 7.
LaTeX Font Info:    ... okay on input line 7.
LaTeX Font Info:    Checking defaults for U/cmr/m/n on input line 7.
LaTeX Font Info:    ... okay on input line 7.

*geometry* driver: auto-detecting
*geometry* detected driver: pdftex
*geometry* verbose mode - [ preamble ] result:
* driver: pdftex
* paper: <default>
* layout: <same size as paper>
* layoutoffset:(h,v)=(0.0pt,0.0pt)
* modes: 
* h-part:(L,W,R)=(34.1433pt, 488.00652pt, 92.14519pt)
* v-part:(T,H,B)=(36.135pt, 397.485pt, 361.34999pt)
* \paperwidth=597.50787pt
* \paperheight=845.04684pt
* \textwidth=469.47049pt
* \textheight=664.23584pt
* \oddsidemargin=13.08827pt
* \evensidemargin=-29.59087pt
* \topmargin=-15.36449pt
* \headheight=12.0pt
* \headsep=25.0pt
* \topskip=12.0pt
* \footskip=30.0pt
* \marginparwidth=44.0pt
* \marginparsep=10.0pt
* \columnsep=10.0pt
* \skip\footins=10.8pt plus 4.0pt minus 2.0pt
* \hoffset=0.0pt
* \voffset=0.0pt
* \mag=1000
* \@twocolumnfalse
* \@twosidefalse
* \@mparswitchfalse
* \@reversemarginfalse
* (1in=72.27pt=25.4mm, 1cm=28.453pt)

Missing character: There is no – in font cmbx12!
Missing character: There is no ì in font cmbx12!
Missing character: There is no – in font cmbx12!
Missing character: There is no ∞ in font cmbx12!
Missing character: There is no — in font cmbx12!
Missing character: There is no Ä in font cmbx12!
Missing character: There is no — in font cmbx12!
Missing character: There is no á in font cmbx12!
Missing character: There is no – in font cmbx12!
Missing character: There is no ∏ in font cmbx12!
Missing character: There is no – in font cmbx12!
Missing character: There is no ≥ in font cmbx12!
Missing character: There is no – in font cmbx12!
Missing character: There is no ¢ in font cmbx12!
Missing character: There is no ” in font cmbx12!
Missing character: There is no © in font cmbx12!
Missing character: There is no — in font cmbx12!
Missing character: There is no Å in font cmbx12!
Missing character: There is no – in font cmbx12!
Missing character: There is no ª in font cmbx12!
Missing character: There is no – in font cmbx12!
Missing character: There is no ∏ in font cmbx12!
Missing character: There is no – in font cmbx12!
Missing character: There is no π in font cmbx12!
Missing character: There is no – in font cmbx12!
Missing character: There is no Ω in font cmbx12!
Missing character: There is no — in font cmbx12!
Missing character: There is no Ö in font cmbx12!
Missing character: There is no — in font cmbx12!
Missing character: There is no ç in font cmbx12!
Missing character: There is no — in font cmbx12!
Missing character: There is no Å in font cmbx12!
Missing character: There is no — in font cmbx12!
Missing character: There is no ç in font cmbx12!
Missing character: There is no – in font cmbx12!
Missing character: There is no ≥ in font cmbx12!
Missing character: There is no – in font cmr12!
Missing character: There is no û in font cmr12!
Missing character: There is no — in font cmr12!
Missing character: There is no Ä in font cmr12!
Missing character: There is no — in font cmr12!
Missing character: There is no à in font cmr12!
Missing character: There is no – in font cmr12!
Missing character: There is no ∏ in font cmr12!
Missing character: There is no – in font cmr12!
Missing character: There is no ª in font cmr12!
Missing character: There is no – in font cmr12!
Missing character: There is no • in font cmr12!
Missing character: There is no — in font cmr12!
Missing character: There is no ç in font cmr12!
Missing character: There is no — in font cmr12!
Missing character: There is no Ä in font cmr12!
Missing character: There is no — in font cmr12!
Missing character: There is no ç in font cmr12!
Missing character: There is no – in font cmr12!
Missing character: There is no ≥ in font cmr12!
Missing character: There is no – in font cmr12!
Missing character: There is no ª in font cmr12!
Missing character: There is no — in font cmr12!
Missing character: There is no ç in font cmr12!
Missing character: There is no – in font cmr12!
Missing character: There is no ≥ in font cmr12!
Missing character: There is no — in font cmr12!
Missing character: There is no á in font cmr12!
Missing character: There is no – in font cmr12!
Missing character: There is no ∏ in font cmr12!
Missing character: There is no – in font cmr12!
Missing character: There is no π in font cmr12!
Missing character: There is no – in font cmr12!
Missing character: There is no Ω in font cmr12!
Missing character: There is no — in font cmr12!
Missing character: There is no Ç in font cmr12!
Missing character: There is no — in font cmr12!
Missing character: There is no É in font cmr12!
Missing character: There is no — in font cmr12!
Missing character: There is no Ö in font cmr12!
Missing character: There is no – in font cmr12!
Missing character: There is no ∞ in font cmr12!
Missing character: There is no – in font cmr12!
Missing character: There is no π in font cmr12!
Missing character: There is no – in font cmr12!
Missing character: There is no º in font cmr12!
Missing character: There is no — in font cmr12!
Missing character: There is no ç in font cmr12!
Missing character: There is no – in font cmr12!
Missing character: There is no ¥ in font cmr12!
Missing character: There is no — in font cmr12!
Missing character: There is no ç in font cmr12!
Missing character: There is no — in font cmr12!
Missing character: There is no ç in font cmr12!
Missing character: There is no – in font cmr12!
Missing character: There is no ª in font cmr12!
Missing character: There is no — in font cmr12!
Missing character: There is no ç in font cmr12!
Missing character: There is no – in font cmr12!
Missing character: There is no ª in font cmr12!
Missing character: There is no ‚ in font cmr12!
Missing character: There is no Ä in font cmr12!
Missing character: There is no ¶ in font cmr12!
Missing character: There is no ‚ in font cmr12!
Missing character: There is no Ä in font cmr12!
Missing character: There is no ¶ in font cmr12!
Missing character: There is no ‚ in font cmr12!
Missing character: There is no Ä in font cmr12!
Missing character: There is no ¶ in font cmr12!
Missing character: There is no ‚ in font cmr12!
Missing character: There is no Ä in font cmr12!
Missing character: There is no ¶ in font cmr12!
Missing character: There is no ‚ in font cmr12!
Missing character: There is no Ä in font cmr12!
Missing character: There is no ¶ in font cmr12!
Missing character: There is no ‚ in font cmr12!
Missing character: There is no Ä in font cmr12!
Missing character: There is no ¶ in font cmr12!
Missing character: There is no ‚ in font cmr12!
Missing character: There is no Ä in font cmr12!
Missing character: There is no ¶ in font cmr12!
Missing character: There is no ‚ in font cmr12!
Missing character: There is no Ä in font cmr12!
Missing character: There is no ¶ in font cmr12!
Missing character: There is no ‚ in font cmr12!
Missing character: There is no Ä in font cmr12!
Missing character: There is no ¶ in font cmr12!
Missing character: There is no ‚ in font cmr12!
Missing character: There is no Ä in font cmr12!
Missing character: There is no ¶ in font cmr12!
Missing character: There is no ‚ in font cmr12!
Missing character: There is no Ä in font cmr12!
Missing character: There is no ¶ in font cmr12!
Missing character: There is no ‚ in font cmr12!
Missing character: There is no Ä in font cmr12!
Missing character: There is no ¶ in font cmr12!
Missing character: There is no ‚ in font cmr12!
Missing character: There is no Ä in font cmr12!
Missing character: There is no ¶ in font cmr12!
Missing character: There is no ‚ in font cmr12!
Missing character: There is no Ä in font cmr12!
Missing character: There is no ¶ in font cmr12!
Missing character: There is no ‚ in font cmr12!
Missing character: There is no Ä in font cmr12!
Missing character: There is no ¶ in font cmr12!
Missing character: There is no ‚ in font cmr12!
Missing character: There is no Ä in font cmr12!
Missing character: There is no ¶ in font cmr12!
Missing character: There is no ‚ in font cmr12!
Missing character: There is no Ä in font cmr12!
Missing character: There is no ¶ in font cmr12!
Missing character: There is no ‚ in font cmr12!
Missing character: There is no Ä in font cmr12!
Missing character: There is no ¶ in font cmr12!
Missing character: There is no ‚ in font cmr12!
Missing character: There is no Ä in font cmr12!
Missing character: There is no ¶ in font cmr12!
Missing character: There is no ‚ in font cmr12!
Missing character: There is no Ä in font cmr12!
Missing character: There is no ¶ in font cmr12!
Missing character: There is no ‚ in font cmr12!
Missing character: There is no Ä in font cmr12!
Missing character: There is no ¶ in font cmr12!
Missing character: There is no ‚ in font cmr12!
Missing character: There is no Ä in font cmr12!
Missing character: There is no ¶ in font cmr12!
Missing character: There is no ‚ in font cmr12!
Missing character: There is no Ä in font cmr12!
Missing character: There is no ¶ in font cmr12!
Missing character: There is no ‚ in font cmr12!
Missing character: There is no Ä in font cmr12!
Missing character: There is no ¶ in font cmr12!
Missing character: There is no ‚ in font cmr12!
Missing character: There is no Ä in font cmr12!
Missing character: There is no ¶ in font cmr12!
Missing character: There is no ‚ in font cmr12!
Missing character: There is no Ä in font cmr12!
Missing character: There is no ¶ in font cmr12!
Missing character: There is no ‚ in font cmr12!
Missing character: There is no Ä in font cmr12!
Missing character: There is no ¶ in font cmr12!
Missing character: There is no ‚ in font cmr12!
Missing character: There is no Ä in font cmr12!
Missing character: There is no ¶ in font cmr12!
Missing character: There is no ‚ in font cmr12!
Missing character: There is no Ä in font cmr12!
Missing character: There is no ¶ in font cmr12!
Missing character: There is no ‚ in font cmr12!
Missing character: There is no Ä in font cmr12!
Missing character: There is no ¶ in font cmr12!
Missing character: There is no ‚ in font cmr12!
Missing character: There is no Ä in font cmr12!
Missing character: There is no ¶ in font cmr12!
Missing character: There is no ‚ in font cmr12!
Missing character: There is no Ä in font cmr12!
Missing character: There is no ¶ in font cmr12!
Missing character: There is no – in font cmr12!
Missing character: There is no • in font cmr12!
Missing character: There is no — in font cmr12!
Missing character: There is no ç in font cmr12!
Missing character: There is no — in font cmr12!
Missing character: There is no Ä in font cmr12!
Missing character: There is no — in font cmr12!
Missing character: There is no ç in font cmr12!
Missing character: There is no – in font cmr12!
Missing character: There is no ≥ in font cmr12!
Missing character: There is no – in font cmr12!
Missing character: There is no ª in font cmr12!
Missing character: There is no — in font cmr12!
Missing character: There is no ç in font cmr12!
Missing character: There is no – in font cmr12!
Missing character: There is no ≥ in font cmr12!
Missing character: There is no — in font cmr12!
Missing character: There is no á in font cmr12!
Missing character: There is no – in font cmr12!
Missing character: There is no ∏ in font cmr12!
Missing character: There is no – in font cmr12!
Missing character: There is no π in font cmr12!
Missing character: There is no – in font cmr12!
Missing character: There is no Ω in font cmr12!
Missing character: There is no “ in font cmr12!
Missing character: There is no Ø in font cmr12!
Missing character: There is no – in font cmr12!
Missing character: There is no π in font cmr12!
Missing character: There is no – in font cmr12!
Missing character: There is no ª in font cmr12!
Missing character: There is no – in font cmr12!
Missing character: There is no ∞ in font cmr12!
Missing character: There is no – in font cmr12!
Missing character: There is no ∂ in font cmr12!
Missing character: There is no – in font cmr12!
Missing character: There is no ∏ in font cmr12!
Missing character: There is no – in font cmr12!
Missing character: There is no ª in font cmr12!
Missing character: There is no – in font cmr12!
Missing character: There is no ª in font cmr12!
Missing character: There is no – in font cmr12!
Missing character: There is no ∞ in font cmr12!
Missing character: There is no – in font cmr12!
Missing character: There is no ≥ in font cmr12!
Missing character: There is no – in font cmr12!
Missing character: There is no ∞ in font cmr12!
Missing character: There is no – in font cmr12!
Missing character: There is no ∞ in font cmr12!
Missing character: There is no – in font cmr12!
Missing character: There is no Ω in font cmr12!
Missing character: There is no — in font cmr12!
Missing character: There is no ã in font cmr12!
Missing character: There is no – in font cmr12!
Missing character: There is no æ in font cmr12!
Missing character: There is no – in font cmr12!
Missing character: There is no Ω in font cmr12!
Missing character: There is no — in font cmr12!
Missing character: There is no Ü in font cmr12!
Missing character: There is no – in font cmr12!
Missing character: There is no ª in font cmr12!
Missing character: There is no – in font cmr12!
Missing character: There is no æ in font cmr12!
Missing character: There is no – in font cmr12!
Missing character: There is no ≥ in font cmr12!
Missing character: There is no ‚ in font cmr12!
Missing character: There is no Ä in font cmr12!
Missing character: There is no ¶ in font cmr12!
Missing character: There is no ‚ in font cmr12!
Missing character: There is no Ä in font cmr12!
Missing character: There is no ¶ in font cmr12!
Missing character: There is no ‚ in font cmr12!
Missing character: There is no Ä in font cmr12!
Missing character: There is no ¶ in font cmr12!
Missing character: There is no ‚ in font cmr12!
Missing character: There is no Ä in font cmr12!
Missing character: There is no ¶ in font cmr12!
Missing character: There is no ‚ in font cmr12!
Missing character: There is no Ä in font cmr12!
Missing character: There is no ¶ in font cmr12!
Missing character: There is no ‚ in font cmr12!
Missing character: There is no Ä in font cmr12!
Missing character: There is no ¶ in font cmr12!
Missing character: There is no ‚ in font cmr12!
Missing character: There is no Ä in font cmr12!
Missing character: There is no ¶ in font cmr12!
Missing character: There is no ‚ in font cmr12!
Missing character: There is no Ä in font cmr12!
Missing character: There is no ¶ in font cmr12!
Missing character: There is no ‚ in font cmr12!
Missing character: There is no Ä in font cmr12!
Missing character: There is no ¶ in font cmr12!
Missing character: There is no ‚ in font cmr12!
Missing character: There is no Ä in font cmr12!
Missing character: There is no ¶ in font cmr12!
Missing character: There is no ‚ in font cmr12!
Missing character: There is no Ä in font cmr12!
Missing character: There is no ¶ in font cmr12!
Missing character: There is no ‚ in font cmr12!
Missing character: There is no Ä in font cmr12!
Missing character: There is no ¶ in font cmr12!
Missing character: There is no ‚ in font cmr12!
Missing character: There is no Ä in font cmr12!
Missing character: There is no ¶ in font cmr12!
Missing character: There is no ‚ in font cmr12!
Missing character: There is no Ä in font cmr12!
Missing character: There is no ¶ in font cmr12!
Missing character: There is no ‚ in font cmr12!
Missing character: There is no Ä in font cmr12!
Missing character: There is no ¶ in font cmr12!
Missing character: There is no ‚ in font cmr12!
Missing character: There is no Ä in font cmr12!
Missing character: There is no ¶ in font cmr12!
Missing character: There is no ‚ in font cmr12!
Missing character: There is no Ä in font cmr12!
Missing character: There is no ¶ in font cmr12!
Missing character: There is no ‚ in font cmr12!
Missing character: There is no Ä in font cmr12!
Missing character: There is no ¶ in font cmr12!
Missing character: There is no ‚ in font cmr12!
Missing character: There is no Ä in font cmr12!
Missing character: There is no ¶ in font cmr12!
Missing character: There is no ‚ in font cmr12!
Missing character: There is no Ä in font cmr12!
Missing character: There is no ¶ in font cmr12!
Missing character: There is no ‚ in font cmr12!
Missing character: There is no Ä in font cmr12!
Missing character: There is no ¶ in font cmr12!
Missing character: There is no ‚ in font cmr12!
Missing character: There is no Ä in font cmr12!
Missing character: There is no ¶ in font cmr12!
Missing character: There is no ‚ in font cmr12!
Missing character: There is no Ä in font cmr12!
Missing character: There is no ¶ in font cmr12!
Missing character: There is no ‚ in font cmr12!
Missing character: There is no Ä in font cmr12!
Missing character: There is no ¶ in font cmr12!
Missing character: There is no – in font cmr12!
Missing character: There is no • in font cmr12!
Missing character: There is no — in font cmr12!
Missing character: There is no ç in font cmr12!
Missing character: There is no — in font cmr12!
Missing character: There is no Ä in font cmr12!
Missing character: There is no — in font cmr12!
Missing character: There is no ç in font cmr12!
Missing character: There is no – in font cmr12!
Missing character: There is no ≥ in font cmr12!
Missing character: There is no – in font cmr12!
Missing character: There is no ª in font cmr12!
Missing character: There is no — in font cmr12!
Missing character: There is no ç in font cmr12!
Missing character: There is no — in font cmr12!
Missing character: There is no Å in font cmr12!
Missing character: There is no — in font cmr12!
Missing character: There is no ç in font cmr12!
Missing character: There is no – in font cmr12!
Missing character: There is no Ω in font cmr12!
Missing character: There is no – in font cmr12!
Missing character: There is no Ω in font cmr12!
Missing character: There is no — in font cmr12!
Missing character: There is no ç in font cmr12!
Missing character: There is no — in font cmr12!
Missing character: There is no Ä in font cmr12!
Missing character: There is no — in font cmr12!
Missing character: There is no Ç in font cmr12!
Missing character: There is no – in font cmr12!
Missing character: There is no æ in font cmr12!
Missing character: There is no – in font cmr12!
Missing character: There is no º in font cmr12!
Missing character: There is no — in font cmr12!
Missing character: There is no ä in font cmr12!
Missing character: There is no — in font cmr12!
Missing character: There is no ë in font cmr12!
Missing character: There is no – in font cmr12!
Missing character: There is no æ in font cmr12!
Missing character: There is no – in font cmr12!
Missing character: There is no Ω in font cmr12!
Missing character: There is no — in font cmr12!
Missing character: There is no ã in font cmr12!
Missing character: There is no — in font cmr12!
Missing character: There is no Ç in font cmr12!
Missing character: There is no – in font cmr12!
Missing character: There is no æ in font cmr12!
Missing character: There is no – in font cmr12!
Missing character: There is no ¥ in font cmr12!
Missing character: There is no – in font cmr12!
Missing character: There is no æ in font cmr12!
Missing character: There is no — in font cmr12!
Missing character: There is no Ä in font cmr12!
Missing character: There is no — in font cmr12!
Missing character: There is no Ö in font cmr12!
Missing character: There is no – in font cmr12!
Missing character: There is no æ in font cmr12!
Missing character: There is no – in font cmr12!
Missing character: There is no π in font cmr12!
Missing character: There is no – in font cmr12!
Missing character: There is no ª in font cmr12!
Missing character: There is no – in font cmr12!
Missing character: There is no æ in font cmr12!
Missing character: There is no – in font cmr12!
Missing character: There is no ª in font cmr12!
Missing character: There is no — in font cmr12!
Missing character: There is no Ç in font cmr12!
Missing character: There is no ‚ in font cmr12!
Missing character: There is no Ä in font cmr12!
Missing character: There is no ¶ in font cmr12!
Missing character: There is no ‚ in font cmr12!
Missing character: There is no Ä in font cmr12!
Missing character: There is no ¶ in font cmr12!
Missing character: There is no ‚ in font cmr12!
Missing character: There is no Ä in font cmr12!
Missing character: There is no ¶ in font cmr12!
Missing character: There is no ‚ in font cmr12!
Missing character: There is no Ä in font cmr12!
Missing character: There is no ¶ in font cmr12!
Missing character: There is no ‚ in font cmr12!
Missing character: There is no Ä in font cmr12!
Missing character: There is no ¶ in font cmr12!
Missing character: There is no ‚ in font cmr12!
Missing character: There is no Ä in font cmr12!
Missing character: There is no ¶ in font cmr12!
Missing character: There is no ‚ in font cmr12!
Missing character: There is no Ä in font cmr12!
Missing character: There is no ¶ in font cmr12!
Missing character: There is no ‚ in font cmr12!
Missing character: There is no Ä in font cmr12!
Missing character: There is no ¶ in font cmr12!
Missing character: There is no ‚ in font cmr12!
Missing character: There is no Ä in font cmr12!
Missing character: There is no ¶ in font cmr12!
Missing character: There is no ‚ in font cmr12!
Missing character: There is no Ä in font cmr12!
Missing character: There is no ¶ in font cmr12!
Missing character: There is no ‚ in font cmr12!
Missing character: There is no Ä in font cmr12!
Missing character: There is no ¶ in font cmr12!
Missing character: There is no ‚ in font cmr12!
Missing character: There is no Ä in font cmr12!
Missing character: There is no ¶ in font cmr12!
Missing character: There is no ‚ in font cmr12!
Missing character: There is no Ä in font cmr12!
Missing character: There is no ¶ in font cmr12!
Missing character: There is no ‚ in font cmr12!
Missing character: There is no Ä in font cmr12!
Missing character: There is no ¶ in font cmr12!
Missing character: There is no ‚ in font cmr12!
Missing character: There is no Ä in font cmr12!
Missing character: There is no ¶ in font cmr12!
Missing character: There is no ‚ in font cmr12!
Missing character: There is no Ä in font cmr12!
Missing character: There is no ¶ in font cmr12!
Missing character: There is no ‚ in font cmr12!
Missing character: There is no Ä in font cmr12!
Missing character: There is no ¶ in font cmr12!
Missing character: There is no ‚ in font cmr12!
Missing character: There is no Ä in font cmr12!
Missing character: There is no ¶ in font cmr12!
Missing character: There is no ‚ in font cmr12!
Missing character: There is no Ä in font cmr12!
Missing character: There is no ¶ in font cmr12!
Missing character: There is no ‚ in font cmr12!
Missing character: There is no Ä in font cmr12!
Missing character: There is no ¶ in font cmr12!
Missing character: There is no ‚ in font cmr12!
Missing character: There is no Ä in font cmr12!
Missing character: There is no ¶ in font cmr12!
Missing character: There is no ‚ in font cmr12!
Missing character: There is no Ä in font cmr12!
Missing character: There is no ¶ in font cmr12!
Missing character: There is no ‚ in font cmr12!
Missing character: There is no Ä in font cmr12!
Missing character: There is no ¶ in font cmr12!
Missing character: There is no – in font cmr12!
Missing character: There is no õ in font cmr12!
Missing character: There is no – in font cmr12!
Missing character: There is no ∞ in font cmr12!
Missing character: There is no – in font cmr12!
Missing character: There is no ≤ in font cmr12!
Missing character: There is no – in font cmr12!
Missing character: There is no ª in font cmr12!
Missing character: There is no – in font cmr12!
Missing character: There is no ∞ in font cmr12!
Missing character: There is no — in font cmr12!
Missing character: There is no Ö in font cmr12!
Missing character: There is no – in font cmr12!
Missing character: There is no º in font cmr12!
Missing character: There is no – in font cmr12!
Missing character: There is no ∞ in font cmr12!
Missing character: There is no — in font cmr12!
Missing character: There is no Ç in font cmr12!
Missing character: There is no – in font cmr12!
Missing character: There is no µ in font cmr12!
Missing character: There is no — in font cmr12!
Missing character: There is no Ä in font cmr12!
Missing character: There is no – in font cmr12!
Missing character: There is no ∏ in font cmr12!
Missing character: There is no – in font cmr12!
Missing character: There is no ∞ in font cmr12!
Missing character: There is no – in font cmr12!
Missing character: There is no ª in font cmr12!
Missing character: There is no ‚ in font cmr12!
Missing character: There is no Ä in font cmr12!
Missing character: There is no ¶ in font cmr12!
Missing character: There is no ‚ in font cmr12!
Missing character: There is no Ä in font cmr12!
Missing character: There is no ¶ in font cmr12!
Missing character: There is no ‚ in font cmr12!
Missing character: There is no Ä in font cmr12!
Missing character: There is no ¶ in font cmr12!
Missing character: There is no ‚ in font cmr12!
Missing character: There is no Ä in font cmr12!
Missing character: There is no ¶ in font cmr12!
Missing character: There is no ‚ in font cmr12!
Missing character: There is no Ä in font cmr12!
Missing character: There is no ¶ in font cmr12!
Missing character: There is no ‚ in font cmr12!
Missing character: There is no Ä in font cmr12!
Missing character: There is no ¶ in font cmr12!
Missing character: There is no ‚ in font cmr12!
Missing character: There is no Ä in font cmr12!
Missing character: There is no ¶ in font cmr12!
Missing character: There is no ‚ in font cmr12!
Missing character: There is no Ä in font cmr12!
Missing character: There is no ¶ in font cmr12!
Missing character: There is no ‚ in font cmr12!
Missing character: There is no Ä in font cmr12!
Missing character: There is no ¶ in font cmr12!
Missing character: There is no ‚ in font cmr12!
Missing character: There is no Ä in font cmr12!
Missing character: There is no ¶ in font cmr12!
Missing character: There is no ‚ in font cmr12!
Missing character: There is no Ä in font cmr12!
Missing character: There is no ¶ in font cmr12!
Missing character: There is no ‚ in font cmr12!
Missing character: There is no Ä in font cmr12!
Missing character: There is no ¶ in font cmr12!
Missing character: There is no ‚ in font cmr12!
Missing character: There is no Ä in font cmr12!
Missing character: There is no ¶ in font cmr12!
Missing character: There is no ‚ in font cmr12!
Missing character: There is no Ä in font cmr12!
Missing character: There is no ¶ in font cmr12!
Missing character: There is no ‚ in font cmr12!
Missing character: There is no Ä in font cmr12!
Missing character: There is no ¶ in font cmr12!
Missing character: There is no ‚ in font cmr12!
Missing character: There is no Ä in font cmr12!
Missing character: There is no ¶ in font cmr12!
Missing character: There is no ‚ in font cmr12!
Missing character: There is no Ä in font cmr12!
Missing character: There is no ¶ in font cmr12!
Missing character: There is no ‚ in font cmr12!
Missing character: There is no Ä in font cmr12!
Missing character: There is no ¶ in font cmr12!
Missing character: There is no ‚ in font cmr12!
Missing character: There is no Ä in font cmr12!
Missing character: There is no ¶ in font cmr12!
Missing character: There is no ‚ in font cmr12!
Missing character: There is no Ä in font cmr12!
Missing character: There is no ¶ in font cmr12!
Missing character: There is no – in font cmr12!
Missing character: There is no • in font cmr12!
Missing character: There is no — in font cmr12!
Missing character: There is no ç in font cmr12!
Missing character: There is no — in font cmr12!
Missing character: There is no Ä in font cmr12!
Missing character: There is no — in font cmr12!
Missing character: There is no ç in font cmr12!
Missing character: There is no – in font cmr12!
Missing character: There is no ≥ in font cmr12!
Missing character: There is no – in font cmr12!
Missing character: There is no ª in font cmr12!
Missing character: There is no — in font cmr12!
Missing character: There is no ç in font cmr12!
Missing character: There is no – in font cmr12!
Missing character: There is no ≥ in font cmr12!
Missing character: There is no — in font cmr12!
Missing character: There is no á in font cmr12!
Missing character: There is no – in font cmr12!
Missing character: There is no ∏ in font cmr12!
Missing character: There is no – in font cmr12!
Missing character: There is no π in font cmr12!
Missing character: There is no – in font cmr12!
Missing character: There is no Ω in font cmr12!
Missing character: There is no — in font cmr12!
Missing character: There is no Ñ in font cmr12!
Missing character: There is no — in font cmr12!
Missing character: There is no É in font cmr12!
Missing character: There is no – in font cmr12!
Missing character: There is no Ω in font cmr12!
Missing character: There is no – in font cmr12!
Missing character: There is no ∫ in font cmr12!
Missing character: There is no — in font cmr12!
Missing character: There is no Ü in font cmr12!
Missing character: There is no – in font cmr12!
Missing character: There is no ∏ in font cmr12!
Missing character: There is no – in font cmr12!
Missing character: There is no æ in font cmr12!
Missing character: There is no – in font cmr12!
Missing character: There is no Ω in font cmr12!
Missing character: There is no – in font cmr12!
Missing character: There is no ∞ in font cmr12!
Missing character: There is no – in font cmr12!
Missing character: There is no ª in font cmr12!
Missing character: There is no — in font cmr12!
Missing character: There is no å in font cmr12!
Missing character: There is no — in font cmr12!
Missing character: There is no à in font cmr12!
Missing character: There is no – in font cmr12!
Missing character: There is no ∞ in font cmr12!
Missing character: There is no – in font cmr12!
Missing character: There is no ∞ in font cmr12!
Missing character: There is no — in font cmr12!
Missing character: There is no Ä in font cmr12!
Missing character: There is no – in font cmr12!
Missing character: There is no ¥ in font cmr12!
Missing character: There is no – in font cmr12!
Missing character: There is no ª in font cmr12!
Missing character: There is no – in font cmr12!
Missing character: There is no ∞ in font cmr12!
Missing character: There is no – in font cmr12!
Missing character: There is no ≥ in font cmr12!
Missing character: There is no – in font cmr12!
Missing character: There is no ∞ in font cmr12!
Missing character: There is no ‚ in font cmr12!
Missing character: There is no Ä in font cmr12!
Missing character: There is no ¶ in font cmr12!
Missing character: There is no ‚ in font cmr12!
Missing character: There is no Ä in font cmr12!
Missing character: There is no ¶ in font cmr12!
Missing character: There is no ‚ in font cmr12!
Missing character: There is no Ä in font cmr12!
Missing character: There is no ¶ in font cmr12!
Missing character: There is no ‚ in font cmr12!
Missing character: There is no Ä in font cmr12!
Missing character: There is no ¶ in font cmr12!
Missing character: There is no ‚ in font cmr12!
Missing character: There is no Ä in font cmr12!
Missing character: There is no ¶ in font cmr12!
Missing character: There is no ‚ in font cmr12!
Missing character: There is no Ä in font cmr12!
Missing character: There is no ¶ in font cmr12!
Missing character: There is no ‚ in font cmr12!
Missing character: There is no Ä in font cmr12!
Missing character: There is no ¶ in font cmr12!
Missing character: There is no ‚ in font cmr12!
Missing character: There is no Ä in font cmr12!
Missing character: There is no ¶ in font cmr12!
Missing character: There is no ‚ in font cmr12!
Missing character: There is no Ä in font cmr12!
Missing character: There is no ¶ in font cmr12!
Missing character: There is no ‚ in font cmr12!
Missing character: There is no Ä in font cmr12!
Missing character: There is no ¶ in font cmr12!
Missing character: There is no ‚ in font cmr12!
Missing character: There is no Ä in font cmr12!
Missing character: There is no ¶ in font cmr12!
Missing character: There is no ‚ in font cmr12!
Missing character: There is no Ä in font cmr12!
Missing character: There is no ¶ in font cmr12!
Missing character: There is no ‚ in font cmr12!
Missing character: There is no Ä in font cmr12!
Missing character: There is no ¶ in font cmr12!
Missing character: There is no ‚ in font cmr12!
Missing character: There is no Ä in font cmr12!
Missing character: There is no ¶ in font cmr12!
Missing character: There is no ‚ in font cmr12!
Missing character: There is no Ä in font cmr12!
Missing character: There is no ¶ in font cmr12!
Missing character: There is no ‚ in font cmr12!
Missing character: There is no Ä in font cmr12!
Missing character: There is no ¶ in font cmr12!
Missing character: There is no ‚ in font cmr12!
Missing character: There is no Ä in font cmr12!
Missing character: There is no ¶ in font cmr12!
Missing character: There is no ‚ in font cmr12!
Missing character: There is no Ä in font cmr12!
Missing character: There is no ¶ in font cmr12!
Missing character: There is no ‚ in font cmr12!
Missing character: There is no Ä in font cmr12!
Missing character: There is no ¶ in font cmr12!
Missing character: There is no ‚ in font cmr12!
Missing character: There is no Ä in font cmr12!
Missing character: There is no ¶ in font cmr12!
Missing character: There is no ‚ in font cmr12!
Missing character: There is no Ä in font cmr12!
Missing character: There is no ¶ in font cmr12!
Missing character: There is no ‚ in font cmr12!
Missing character: There is no Ä in font cmr12!
Missing character: There is no ¶ in font cmr12!
Missing character: There is no ‚ in font cmr12!
Missing character: There is no Ä in font cmr12!
Missing character: There is no ¶ in font cmr12!
Missing character: There is no – in font cmr12!
Missing character: There is no • in font cmr12!
Missing character: There is no — in font cmr12!
Missing character: There is no ç in font cmr12!
Missing character: There is no — in font cmr12!
Missing character: There is no Ä in font cmr12!
Missing character: There is no — in font cmr12!
Missing character: There is no ç in font cmr12!
Missing character: There is no – in font cmr12!
Missing character: There is no ≥ in font cmr12!
Missing character: There is no – in font cmr12!
Missing character: There is no ª in font cmr12!
Missing character: There is no — in font cmr12!
Missing character: There is no ç in font cmr12!
Missing character: There is no – in font cmr12!
Missing character: There is no ≥ in font cmr12!
Missing character: There is no — in font cmr12!
Missing character: There is no á in font cmr12!
Missing character: There is no – in font cmr12!
Missing character: There is no ∏ in font cmr12!
Missing character: There is no – in font cmr12!
Missing character: There is no π in font cmr12!
Missing character: There is no – in font cmr12!
Missing character: There is no Ω in font cmr12!
Missing character: There is no — in font cmr12!
Missing character: There is no Ñ in font cmr12!
Missing character: There is no — in font cmr12!
Missing character: There is no É in font cmr12!
Missing character: There is no – in font cmr12!
Missing character: There is no Ω in font cmr12!
Missing character: There is no – in font cmr12!
Missing character: There is no ∫ in font cmr12!
Missing character: There is no — in font cmr12!
Missing character: There is no Ü in font cmr12!
Missing character: There is no – in font cmr12!
Missing character: There is no ∏ in font cmr12!
Missing character: There is no – in font cmr12!
Missing character: There is no æ in font cmr12!
Missing character: There is no – in font cmr12!
Missing character: There is no Ω in font cmr12!
Missing character: There is no – in font cmr12!
Missing character: There is no ∞ in font cmr12!
Missing character: There is no – in font cmr12!
Missing character: There is no ª in font cmr12!
Missing character: There is no — in font cmr12!
Missing character: There is no å in font cmr12!
Missing character: There is no – in font cmr12!
Missing character: There is no ± in font cmr12!
Missing character: There is no — in font cmr12!
Missing character: There is no É in font cmr12!
Missing character: There is no — in font cmr12!
Missing character: There is no Å in font cmr12!
Missing character: There is no — in font cmr12!
Missing character: There is no à in font cmr12!
Missing character: There is no – in font cmr12!
Missing character: There is no ∞ in font cmr12!
Missing character: There is no – in font cmr12!
Missing character: There is no ∞ in font cmr12!
Missing character: There is no — in font cmr12!
Missing character: There is no Ä in font cmr12!
Missing character: There is no – in font cmr12!
Missing character: There is no ¥ in font cmr12!
Missing character: There is no – in font cmr12!
Missing character: There is no ª in font cmr12!
Missing character: There is no – in font cmr12!
Missing character: There is no ∞ in font cmr12!
Missing character: There is no – in font cmr12!
Missing character: There is no ≥ in font cmr12!
Missing character: There is no – in font cmr12!
Missing character: There is no ∞ in font cmr12!
Missing character: There is no – in font cmbx12!
Missing character: There is no ± in font cmbx12!
Missing character: There is no “ in font cmbx12!
Missing character: There is no Ø in font cmbx12!
Missing character: There is no – in font cmbx12!
Missing character: There is no ª in font cmbx12!
Missing character: There is no — in font cmbx12!
Missing character: There is no ç in font cmbx12!
Missing character: There is no – in font cmbx12!
Missing character: There is no ≥ in font cmbx12!
Missing character: There is no – in font cmr12!
Missing character: There is no ° in font cmr12!
Missing character: There is no – in font cmr12!
Missing character: There is no ∏ in font cmr12!
Missing character: There is no — in font cmr12!
Missing character: There is no Å in font cmr12!
Missing character: There is no — in font cmr12!
Missing character: There is no Ç in font cmr12!
Missing character: There is no – in font cmr12!
Missing character: There is no µ in font cmr12!
Missing character: There is no – in font cmr12!
Missing character: There is no º in font cmr12!
Missing character: There is no – in font cmr12!
Missing character: There is no ∏ in font cmr12!
Missing character: There is no – in font cmr12!
Missing character: There is no π in font cmr12!
Missing character: There is no – in font cmr12!
Missing character: There is no Ω in font cmr12!
Missing character: There is no — in font cmr12!
Missing character: There is no à in font cmr12!
Missing character: There is no – in font cmr12!
Missing character: There is no ∏ in font cmr12!
Missing character: There is no – in font cmr12!
Missing character: There is no Ω in font cmr12!
Missing character: There is no – in font cmr12!
Missing character: There is no ∂ in font cmr12!
Missing character: There is no – in font cmr12!
Missing character: There is no ∏ in font cmr12!
Missing character: There is no – in font cmr12!
Missing character: There is no ª in font cmr12!
Missing character: There is no – in font cmr12!
Missing character: There is no ≥ in font cmr12!
Missing character: There is no — in font cmr12!
Missing character: There is no ç in font cmr12!
Missing character: There is no — in font cmr12!
Missing character: There is no ç in font cmr12!
Missing character: There is no ‚ in font cmr12!
Missing character: There is no Ä in font cmr12!
Missing character: There is no ¶ in font cmr12!
Missing character: There is no ‚ in font cmr12!
Missing character: There is no Ä in font cmr12!
Missing character: There is no ¶ in font cmr12!
Missing character: There is no ‚ in font cmr12!
Missing character: There is no Ä in font cmr12!
Missing character: There is no ¶ in font cmr12!
Missing character: There is no ‚ in font cmr12!
Missing character: There is no Ä in font cmr12!
Missing character: There is no ¶ in font cmr12!
Missing character: There is no ‚ in font cmr12!
Missing character: There is no Ä in font cmr12!
Missing character: There is no ¶ in font cmr12!
Missing character: There is no ‚ in font cmr12!
Missing character: There is no Ä in font cmr12!
Missing character: There is no ¶ in font cmr12!
Missing character: There is no ‚ in font cmr12!
Missing character: There is no Ä in font cmr12!
Missing character: There is no ¶ in font cmr12!
Missing character: There is no ‚ in font cmr12!
Missing character: There is no Ä in font cmr12!
Missing character: There is no ¶ in font cmr12!
Missing character: There is no ‚ in font cmr12!
Missing character: There is no Ä in font cmr12!
Missing character: There is no ¶ in font cmr12!
Missing character: There is no ‚ in font cmr12!
Missing character: There is no Ä in font cmr12!
Missing character: There is no ¶ in font cmr12!
Missing character: There is no ‚ in font cmr12!
Missing character: There is no Ä in font cmr12!
Missing character: There is no ¶ in font cmr12!
Missing character: There is no ‚ in font cmr12!
Missing character: There is no Ä in font cmr12!
Missing character: There is no ¶ in font cmr12!
Missing character: There is no ‚ in font cmr12!
Missing character: There is no Ä in font cmr12!
Missing character: There is no ¶ in font cmr12!
Missing character: There is no ‚ in font cmr12!
Missing character: There is no Ä in font cmr12!
Missing character: There is no ¶ in font cmr12!
Missing character: There is no ‚ in font cmr12!
Missing character: There is no Ä in font cmr12!
Missing character: There is no ¶ in font cmr12!
Missing character: There is no ‚ in font cmr12!
Missing character: There is no Ä in font cmr12!
Missing character: There is no ¶ in font cmr12!
Missing character: There is no ‚ in font cmr12!
Missing character: There is no Ä in font cmr12!
Missing character: There is no ¶ in font cmr12!
Missing character: There is no ‚ in font cmr12!
Missing character: There is no Ä in font cmr12!
Missing character: There is no ¶ in font cmr12!
Missing character: There is no ‚ in font cmr12!
Missing character: There is no Ä in font cmr12!
Missing character: There is no ¶ in font cmr12!
Missing character: There is no ‚ in font cmr12!
Missing character: There is no Ä in font cmr12!
Missing character: There is no ¶ in font cmr12!
Missing character: There is no ‚ in font cmr12!
Missing character: There is no Ä in font cmr12!
Missing character: There is no ¶ in font cmr12!
Missing character: There is no ‚ in font cmr12!
Missing character: There is no Ä in font cmr12!
Missing character: There is no ¶ in font cmr12!
Missing character: There is no ‚ in font cmr12!
Missing character: There is no Ä in font cmr12!
Missing character: There is no ¶ in font cmr12!
Missing character: There is no ‚ in font cmr12!
Missing character: There is no Ä in font cmr12!
Missing character: There is no ¶ in font cmr12!
Missing character: There is no ‚ in font cmr12!
Missing character: There is no Ä in font cmr12!
Missing character: There is no ¶ in font cmr12!
Missing character: There is no ‚ in font cmr12!
Missing character: There is no Ä in font cmr12!
Missing character: There is no ¶ in font cmr12!
Missing character: There is no ‚ in font cmr12!
Missing character: There is no Ä in font cmr12!
Missing character: There is no ¶ in font cmr12!
Missing character: There is no ‚ in font cmr12!
Missing character: There is no Ä in font cmr12!
Missing character: There is no ¶ in font cmr12!
Missing character: There is no ‚ in font cmr12!
Missing character: There is no Ä in font cmr12!
Missing character: There is no ¶ in font cmr12!
Missing character: There is no ‚ in font cmr12!
Missing character: There is no Ä in font cmr12!
Missing character: There is no ¶ in font cmr12!
Missing character: There is no ‚ in font cmr12!
Missing character: There is no Ä in font cmr12!
Missing character: There is no ¶ in font cmr12!
Missing character: There is no ‚ in font cmr12!
Missing character: There is no Ä in font cmr12!
Missing character: There is no ¶ in font cmr12!
Missing character: There is no ‚ in font cmr12!
Missing character: There is no Ä in font cmr12!
Missing character: There is no ¶ in font cmr12!
Missing character: There is no ‚ in font cmr12!
Missing character: There is no Ä in font cmr12!
Missing character: There is no ¶ in font cmr12!
Missing character: There is no ‚ in font cmr12!
Missing character: There is no Ä in font cmr12!
Missing character: There is no ¶ in font cmr12!
Missing character: There is no ‚ in font cmr12!
Missing character: There is no Ä in font cmr12!
Missing character: There is no ¶ in font cmr12!
Missing character: There is no ‚ in font cmr12!
Missing character: There is no Ä in font cmr12!
Missing character: There is no ¶ in font cmr12!
Missing character: There is no ‚ in font cmr12!
Missing character: There is no Ä in font cmr12!
Missing character: There is no ¶ in font cmr12!
Missing character: There is no ‚ in font cmr12!
Missing character: There is no Ä in font cmr12!
Missing character: There is no ¶ in font cmr12!
Missing character: There is no ‚ in font cmr12!
Missing character: There is no Ä in font cmr12!
Missing character: There is no ¶ in font cmr12!
Missing character: There is no ‚ in font cmr12!
Missing character: There is no Ä in font cmr12!
Missing character: There is no ¶ in font cmr12!
Missing character: There is no ‚ in font cmr12!
Missing character: There is no Ä in font cmr12!
Missing character: There is no ¶ in font cmr12!
Missing character: There is no ‚ in font cmr12!
Missing character: There is no Ä in font cmr12!
Missing character: There is no ¶ in font cmr12!
Missing character: There is no ‚ in font cmr12!
Missing character: There is no Ä in font cmr12!
Missing character: There is no ¶ in font cmr12!
Missing character: There is no ‚ in font cmr12!
Missing character: There is no Ä in font cmr12!
Missing character: There is no ¶ in font cmr12!
Missing character: There is no ‚ in font cmr12!
Missing character: There is no Ä in font cmr12!
Missing character: There is no ¶ in font cmr12!
Missing character: There is no ‚ in font cmr12!
Missing character: There is no Ä in font cmr12!
Missing character: There is no ¶ in font cmr12!
Missing character: There is no ‚ in font cmr12!
Missing character: There is no Ä in font cmr12!
Missing character: There is no ¶ in font cmr12!
Missing character: There is no ‚ in font cmr12!
Missing character: There is no Ä in font cmr12!
Missing character: There is no ¶ in font cmr12!
Missing character: There is no ‚ in font cmr12!
Missing character: There is no Ä in font cmr12!
Missing character: There is no ¶ in font cmr12!
Missing character: There is no ‚ in font cmr12!
Missing character: There is no Ä in font cmr12!
Missing character: There is no ¶ in font cmr12!
Missing character: There is no ‚ in font cmr12!
Missing character: There is no Ä in font cmr12!
Missing character: There is no ¶ in font cmr12!
Missing character: There is no ‚ in font cmr12!
Missing character: There is no Ä in font cmr12!
Missing character: There is no ¶ in font cmr12!
Missing character: There is no ‚ in font cmr12!
Missing character: There is no Ä in font cmr12!
Missing character: There is no ¶ in font cmr12!
Missing character: There is no ‚ in font cmr12!
Missing character: There is no Ä in font cmr12!
Missing character: There is no ¶ in font cmr12!
Missing character: There is no ‚ in font cmr12!
Missing character: There is no Ä in font cmr12!
Missing character: There is no ¶ in font cmr12!
Missing character: There is no ‚ in font cmr12!
Missing character: There is no Ä in font cmr12!
Missing character: There is no ¶ in font cmr12!
Missing character: There is no ‚ in font cmr12!
Missing character: There is no Ä in font cmr12!
Missing character: There is no ¶ in font cmr12!
Missing character: There is no ‚ in font cmr12!
Missing character: There is no Ä in font cmr12!
Missing character: There is no ¶ in font cmr12!
Missing character: There is no ‚ in font cmr12!
Missing character: There is no Ä in font cmr12!
Missing character: There is no ¶ in font cmr12!
Missing character: There is no ‚ in font cmr12!
Missing character: There is no Ä in font cmr12!
Missing character: There is no ¶ in font cmr12!
Missing character: There is no ‚ in font cmr12!
Missing character: There is no Ä in font cmr12!
Missing character: There is no ¶ in font cmr12!
Missing character: There is no ‚ in font cmr12!
Missing character: There is no Ä in font cmr12!
Missing character: There is no ¶ in font cmr12!
Missing character: There is no ‚ in font cmr12!
Missing character: There is no Ä in font cmr12!
Missing character: There is no ¶ in font cmr12!
Missing character: There is no ‚ in font cmr12!
Missing character: There is no Ä in font cmr12!
Missing character: There is no ¶ in font cmr12!
Missing character: There is no ‚ in font cmr12!
Missing character: There is no Ä in font cmr12!
Missing character: There is no ¶ in font cmr12!
Missing character: There is no ‚ in font cmr12!
Missing character: There is no Ä in font cmr12!
Missing character: There is no ¶ in font cmr12!
Missing character: There is no ‚ in font cmr12!
Missing character: There is no Ä in font cmr12!
Missing character: There is no ¶ in font cmr12!
Missing character: There is no ‚ in font cmr12!
Missing character: There is no Ä in font cmr12!
Missing character: There is no ¶ in font cmr12!
Missing character: There is no ‚ in font cmr12!
Missing character: There is no Ä in font cmr12!
Missing character: There is no ¶ in font cmr12!
Missing character: There is no ‚ in font cmr12!
Missing character: There is no Ä in font cmr12!
Missing character: There is no ¶ in font cmr12!
Missing character: There is no ‚ in font cmr12!
Missing character: There is no Ä in font cmr12!
Missing character: There is no ¶ in font cmr12!
Missing character: There is no ‚ in font cmr12!
Missing character: There is no Ä in font cmr12!
Missing character: There is no ¶ in font cmr12!
Missing character: There is no ‚ in font cmr12!
Missing character: There is no Ä in font cmr12!
Missing character: There is no ¶ in font cmr12!
Missing character: There is no ‚ in font cmr12!
Missing character: There is no Ä in font cmr12!
Missing character: There is no ¶ in font cmr12!
Missing character: There is no ‚ in font cmr12!
Missing character: There is no Ä in font cmr12!
Missing character: There is no ¶ in font cmr12!
Missing character: There is no ‚ in font cmr12!
Missing character: There is no Ä in font cmr12!
Missing character: There is no ¶ in font cmr12!
Missing character: There is no ‚ in font cmr12!
Missing character: There is no Ä in font cmr12!
Missing character: There is no ¶ in font cmr12!
Missing character: There is no ‚ in font cmr12!
Missing character: There is no Ä in font cmr12!
Missing character: There is no ¶ in font cmr12!
Missing character: There is no ‚ in font cmr12!
Missing character: There is no Ä in font cmr12!
Missing character: There is no ¶ in font cmr12!
Missing character: There is no ‚ in font cmr12!
Missing character: There is no Ä in font cmr12!
Missing character: There is no ¶ in font cmr12!
Missing character: There is no ‚ in font cmr12!
Missing character: There is no Ä in font cmr12!
Missing character: There is no ¶ in font cmr12!
Missing character: There is no ‚ in font cmr12!
Missing character: There is no Ä in font cmr12!
Missing character: There is no ¶ in font cmr12!
Missing character: There is no ‚ in font cmr12!
Missing character: There is no Ä in font cmr12!
Missing character: There is no ¶ in font cmr12!
Missing character: There is no ‚ in font cmr12!
Missing character: There is no Ä in font cmr12!
Missing character: There is no ¶ in font cmr12!
Missing character: There is no ‚ in font cmr12!
Missing character: There is no Ä in font cmr12!
Missing character: There is no ¶ in font cmr12!
Missing character: There is no ‚ in font cmr12!
Missing character: There is no Ä in font cmr12!
Missing character: There is no ¶ in font cmr12!
Missing character: There is no ‚ in font cmr12!
Missing character: There is no Ä in font cmr12!
Missing character: There is no ¶ in font cmr12!
Missing character: There is no ‚ in font cmr12!
Missing character: There is no Ä in font cmr12!
Missing character: There is no ¶ in font cmr12!
Missing character: There is no ‚ in font cmr12!
Missing character: There is no Ä in font cmr12!
Missing character: There is no ¶ in font cmr12!
Missing character: There is no ‚ in font cmr12!
Missing character: There is no Ä in font cmr12!
Missing character: There is no ¶ in font cmr12!
Missing character: There is no ‚ in font cmr12!
Missing character: There is no Ä in font cmr12!
Missing character: There is no ¶ in font cmr12!
Missing character: There is no ‚ in font cmr12!
Missing character: There is no Ä in font cmr12!
Missing character: There is no ¶ in font cmr12!
Missing character: There is no ‚ in font cmr12!
Missing character: There is no Ä in font cmr12!
Missing character: There is no ¶ in font cmr12!
Missing character: There is no ‚ in font cmr12!
Missing character: There is no Ä in font cmr12!
Missing character: There is no ¶ in font cmr12!
Missing character: There is no ‚ in font cmr12!
Missing character: There is no Ä in font cmr12!
Missing character: There is no ¶ in font cmr12!
Missing character: There is no ‚ in font cmr12!
Missing character: There is no Ä in font cmr12!
Missing character: There is no ¶ in font cmr12!
Missing character: There is no ‚ in font cmr12!
Missing character: There is no Ä in font cmr12!
Missing character: There is no ¶ in font cmr12!
Missing character: There is no ‚ in font cmr12!
Missing character: There is no Ä in font cmr12!
Missing character: There is no ¶ in font cmr12!
Missing character: There is no ‚ in font cmr12!
Missing character: There is no Ä in font cmr12!
Missing character: There is no ¶ in font cmr12!
Missing character: There is no ‚ in font cmr12!
Missing character: There is no Ä in font cmr12!
Missing character: There is no ¶ in font cmr12!
Missing character: There is no ‚ in font cmr12!
Missing character: There is no Ä in font cmr12!
Missing character: There is no ¶ in font cmr12!
Missing character: There is no ‚ in font cmr12!
Missing character: There is no Ä in font cmr12!
Missing character: There is no ¶ in font cmr12!
Missing character: There is no ‚ in font cmr12!
Missing character: There is no Ä in font cmr12!
Missing character: There is no ¶ in font cmr12!
Missing character: There is no ‚ in font cmr12!
Missing character: There is no Ä in font cmr12!
Missing character: There is no ¶ in font cmr12!
Missing character: There is no ‚ in font cmr12!
Missing character: There is no Ä in font cmr12!
Missing character: There is no ¶ in font cmr12!
Missing character: There is no ‚ in font cmr12!
Missing character: There is no Ä in font cmr12!
Missing character: There is no ¶ in font cmr12!
Missing character: There is no ‚ in font cmr12!
Missing character: There is no Ä in font cmr12!
Missing character: There is no ¶ in font cmr12!
Missing character: There is no ‚ in font cmr12!
Missing character: There is no Ä in font cmr12!
Missing character: There is no ¶ in font cmr12!
Missing character: There is no ‚ in font cmr12!
Missing character: There is no Ä in font cmr12!
Missing character: There is no ¶ in font cmr12!
Missing character: There is no ‚ in font cmr12!
Missing character: There is no Ä in font cmr12!
Missing character: There is no ¶ in font cmr12!
Missing character: There is no ‚ in font cmr12!
Missing character: There is no Ä in font cmr12!
Missing character: There is no ¶ in font cmr12!
Missing character: There is no ‚ in font cmr12!
Missing character: There is no Ä in font cmr12!
Missing character: There is no ¶ in font cmr12!
Missing character: There is no ‚ in font cmr12!
Missing character: There is no Ä in font cmr12!
Missing character: There is no ¶ in font cmr12!
Missing character: There is no ‚ in font cmr12!
Missing character: There is no Ä in font cmr12!
Missing character: There is no ¶ in font cmr12!
Missing character: There is no ‚ in font cmr12!
Missing character: There is no Ä in font cmr12!
Missing character: There is no ¶ in font cmr12!
Missing character: There is no – in font cmbx12!
Missing character: There is no ± in font cmbx12!
Missing character: There is no “ in font cmbx12!
Missing character: There is no Ø in font cmbx12!
Missing character: There is no – in font cmbx12!
Missing character: There is no ª in font cmbx12!
Missing character: There is no — in font cmbx12!
Missing character: There is no ç in font cmbx12!
Missing character: There is no – in font cmbx12!
Missing character: There is no ≥ in font cmbx12!
Missing character: There is no – in font cmr12!
Missing character: There is no ò in font cmr12!
Missing character: There is no – in font cmr12!
Missing character: There is no ∂ in font cmr12!
Missing character: There is no – in font cmr12!
Missing character: There is no ∏ in font cmr12!
Missing character: There is no – in font cmr12!
Missing character: There is no ª in font cmr12!
Missing character: There is no — in font cmr12!
Missing character: There is no Ç in font cmr12!
Missing character: There is no ” in font cmr12!
Missing character: There is no © in font cmr12!
Missing character: There is no — in font cmr12!
Missing character: There is no Å in font cmr12!
Missing character: There is no — in font cmr12!
Missing character: There is no Ç in font cmr12!
Missing character: There is no — in font cmr12!
Missing character: There is no ç in font cmr12!
Missing character: There is no – in font cmr12!
Missing character: There is no π in font cmr12!
Missing character: There is no – in font cmr12!
Missing character: There is no ø in font cmr12!
Missing character: There is no — in font cmr12!
Missing character: There is no Ä in font cmr12!
Missing character: There is no – in font cmr12!
Missing character: There is no æ in font cmr12!
Missing character: There is no – in font cmr12!
Missing character: There is no ≥ in font cmr12!
Missing character: There is no — in font cmr12!
Missing character: There is no Ä in font cmr12!
Missing character: There is no – in font cmr12!
Missing character: There is no ∞ in font cmr12!
Missing character: There is no – in font cmr12!
Missing character: There is no º in font cmr12!
Missing character: There is no – in font cmr12!
Missing character: There is no ∏ in font cmr12!
Missing character: There is no – in font cmr12!
Missing character: There is no π in font cmr12!
Missing character: There is no – in font cmr12!
Missing character: There is no Ω in font cmr12!
Missing character: There is no — in font cmr12!
Missing character: There is no Å in font cmr12!
Missing character: There is no — in font cmr12!
Missing character: There is no É in font cmr12!
Missing character: There is no – in font cmr12!
Missing character: There is no ¥ in font cmr12!
Missing character: There is no – in font cmr12!
Missing character: There is no ∞ in font cmr12!
Missing character: There is no – in font cmr12!
Missing character: There is no ª in font cmr12!
Missing character: There is no – in font cmr12!
Missing character: There is no ≥ in font cmr12!
Missing character: There is no – in font cmr12!
Missing character: There is no ∞ in font cmr12!
Missing character: There is no – in font cmr12!
Missing character: There is no ∞ in font cmr12!
Missing character: There is no “ in font cmr12!
Missing character: There is no Æ in font cmr12!
Missing character: There is no “ in font cmr12!
Missing character: There is no Ø in font cmr12!
Missing character: There is no — in font cmr12!
Missing character: There is no Ä in font cmr12!
Missing character: There is no — in font cmr12!
Missing character: There is no ç in font cmr12!
Missing character: There is no – in font cmr12!
Missing character: There is no ≥ in font cmr12!
Missing character: There is no – in font cmr12!
Missing character: There is no ∑ in font cmr12!
Missing character: There is no – in font cmr12!
Missing character: There is no æ in font cmr12!
Missing character: There is no — in font cmr12!
Missing character: There is no Ä in font cmr12!
Missing character: There is no – in font cmr12!
Missing character: There is no ∏ in font cmr12!
Missing character: There is no — in font cmr12!
Missing character: There is no É in font cmr12!
Missing character: There is no – in font cmr12!
Missing character: There is no ª in font cmr12!
Missing character: There is no – in font cmr12!
Missing character: There is no ∞ in font cmr12!
Missing character: There is no – in font cmr12!
Missing character: There is no ª in font cmr12!
Missing character: There is no — in font cmr12!
Missing character: There is no Ç in font cmr12!
Missing character: There is no ‚ in font cmr12!
Missing character: There is no Ä in font cmr12!
Missing character: There is no ¶ in font cmr12!
Missing character: There is no ‚ in font cmr12!
Missing character: There is no Ä in font cmr12!
Missing character: There is no ¶ in font cmr12!
Missing character: There is no ‚ in font cmr12!
Missing character: There is no Ä in font cmr12!
Missing character: There is no ¶ in font cmr12!
Missing character: There is no ‚ in font cmr12!
Missing character: There is no Ä in font cmr12!
Missing character: There is no ¶ in font cmr12!
Missing character: There is no ‚ in font cmr12!
Missing character: There is no Ä in font cmr12!
Missing character: There is no ¶ in font cmr12!
Missing character: There is no ‚ in font cmr12!
Missing character: There is no Ä in font cmr12!
Missing character: There is no ¶ in font cmr12!
Missing character: There is no ‚ in font cmr12!
Missing character: There is no Ä in font cmr12!
Missing character: There is no ¶ in font cmr12!
Missing character: There is no ‚ in font cmr12!
Missing character: There is no Ä in font cmr12!
Missing character: There is no ¶ in font cmr12!
Missing character: There is no ‚ in font cmr12!
Missing character: There is no Ä in font cmr12!
Missing character: There is no ¶ in font cmr12!
Missing character: There is no ‚ in font cmr12!
Missing character: There is no Ä in font cmr12!
Missing character: There is no ¶ in font cmr12!
Missing character: There is no ‚ in font cmr12!
Missing character: There is no Ä in font cmr12!
Missing character: There is no ¶ in font cmr12!
Missing character: There is no ‚ in font cmr12!
Missing character: There is no Ä in font cmr12!
Missing character: There is no ¶ in font cmr12!
Missing character: There is no ‚ in font cmr12!
Missing character: There is no Ä in font cmr12!
Missing character: There is no ¶ in font cmr12!
Missing character: There is no ‚ in font cmr12!
Missing character: There is no Ä in font cmr12!
Missing character: There is no ¶ in font cmr12!
Missing character: There is no ‚ in font cmr12!
Missing character: There is no Ä in font cmr12!
Missing character: There is no ¶ in font cmr12!
Missing character: There is no ‚ in font cmr12!
Missing character: There is no Ä in font cmr12!
Missing character: There is no ¶ in font cmr12!
Missing character: There is no ‚ in font cmr12!
Missing character: There is no Ä in font cmr12!
Missing character: There is no ¶ in font cmr12!
Missing character: There is no ‚ in font cmr12!
Missing character: There is no Ä in font cmr12!
Missing character: There is no ¶ in font cmr12!
Missing character: There is no ‚ in font cmr12!
Missing character: There is no Ä in font cmr12!
Missing character: There is no ¶ in font cmr12!
Missing character: There is no ‚ in font cmr12!
Missing character: There is no Ä in font cmr12!
Missing character: There is no ¶ in font cmr12!
Missing character: There is no ‚ in font cmr12!
Missing character: There is no Ä in font cmr12!
Missing character: There is no ¶ in font cmr12!
Missing character: There is no ‚ in font cmr12!
Missing character: There is no Ä in font cmr12!
Missing character: There is no ¶ in font cmr12!
Missing character: There is no ‚ in font cmr12!
Missing character: There is no Ä in font cmr12!
Missing character: There is no ¶ in font cmr12!
Missing character: There is no ‚ in font cmr12!
Missing character: There is no Ä in font cmr12!
Missing character: There is no ¶ in font cmr12!
Missing character: There is no ‚ in font cmr12!
Missing character: There is no Ä in font cmr12!
Missing character: There is no ¶ in font cmr12!
Missing character: There is no ‚ in font cmr12!
Missing character: There is no Ä in font cmr12!
Missing character: There is no ¶ in font cmr12!
Missing character: There is no ‚ in font cmr12!
Missing character: There is no Ä in font cmr12!
Missing character: There is no ¶ in font cmr12!
Missing character: There is no ‚ in font cmr12!
Missing character: There is no Ä in font cmr12!
Missing character: There is no ¶ in font cmr12!
Missing character: There is no ‚ in font cmr12!
Missing character: There is no Ä in font cmr12!
Missing character: There is no ¶ in font cmr12!
Missing character: There is no ‚ in font cmr12!
Missing character: There is no Ä in font cmr12!
Missing character: There is no ¶ in font cmr12!
Missing character: There is no ‚ in font cmr12!
Missing character: There is no Ä in font cmr12!
Missing character: There is no ¶ in font cmr12!
Missing character: There is no ‚ in font cmr12!
Missing character: There is no Ä in font cmr12!
Missing character: There is no ¶ in font cmr12!
Missing character: There is no ‚ in font cmr12!
Missing character: There is no Ä in font cmr12!
Missing character: There is no ¶ in font cmr12!
Missing character: There is no ‚ in font cmr12!
Missing character: There is no Ä in font cmr12!
Missing character: There is no ¶ in font cmr12!
Missing character: There is no ‚ in font cmr12!
Missing character: There is no Ä in font cmr12!
Missing character: There is no ¶ in font cmr12!
Missing character: There is no ‚ in font cmr12!
Missing character: There is no Ä in font cmr12!
Missing character: There is no ¶ in font cmr12!
Missing character: There is no ‚ in font cmr12!
Missing character: There is no Ä in font cmr12!
Missing character: There is no ¶ in font cmr12!
Missing character: There is no – in font cmr12!
Missing character: There is no ó in font cmr12!
Missing character: There is no – in font cmr12!
Missing character: There is no æ in font cmr12!
Missing character: There is no — in font cmr12!
Missing character: There is no Ä in font cmr12!
Missing character: There is no – in font cmr12!
Missing character: There is no ∏ in font cmr12!
Missing character: There is no – in font cmr12!
Missing character: There is no ª in font cmr12!
Missing character: There is no – in font cmr12!
Missing character: There is no ≥ in font cmr12!
Missing character: There is no – in font cmr12!
Missing character: There is no æ in font cmr12!
Missing character: There is no – in font cmr12!
Missing character: There is no ∑ in font cmr12!
Missing character: There is no – in font cmr12!
Missing character: There is no æ in font cmr12!
Missing character: There is no — in font cmr12!
Missing character: There is no Ä in font cmr12!
Missing character: There is no – in font cmr12!
Missing character: There is no ∏ in font cmr12!
Missing character: There is no – in font cmr12!
Missing character: There is no ª in font cmr12!
Missing character: There is no — in font cmr12!
Missing character: There is no Ç in font cmr12!
Missing character: There is no ‚ in font cmr12!
Missing character: There is no Ä in font cmr12!
Missing character: There is no ¶ in font cmr12!
Missing character: There is no ‚ in font cmr12!
Missing character: There is no Ä in font cmr12!
Missing character: There is no ¶ in font cmr12!
Missing character: There is no ‚ in font cmr12!
Missing character: There is no Ä in font cmr12!
Missing character: There is no ¶ in font cmr12!
Missing character: There is no ‚ in font cmr12!
Missing character: There is no Ä in font cmr12!
Missing character: There is no ¶ in font cmr12!
Missing character: There is no ‚ in font cmr12!
Missing character: There is no Ä in font cmr12!
Missing character: There is no ¶ in font cmr12!
Missing character: There is no ‚ in font cmr12!
Missing character: There is no Ä in font cmr12!
Missing character: There is no ¶ in font cmr12!
Missing character: There is no ‚ in font cmr12!
Missing character: There is no Ä in font cmr12!
Missing character: There is no ¶ in font cmr12!
Missing character: There is no ‚ in font cmr12!
Missing character: There is no Ä in font cmr12!
Missing character: There is no ¶ in font cmr12!
Missing character: There is no ‚ in font cmr12!
Missing character: There is no Ä in font cmr12!
Missing character: There is no ¶ in font cmr12!
Missing character: There is no ‚ in font cmr12!
Missing character: There is no Ä in font cmr12!
Missing character: There is no ¶ in font cmr12!
Missing character: There is no ‚ in font cmr12!
Missing character: There is no Ä in font cmr12!
Missing character: There is no ¶ in font cmr12!
Missing character: There is no ‚ in font cmr12!
Missing character: There is no Ä in font cmr12!
Missing character: There is no ¶ in font cmr12!
Missing character: There is no ‚ in font cmr12!
Missing character: There is no Ä in font cmr12!
Missing character: There is no ¶ in font cmr12!
Missing character: There is no ‚ in font cmr12!
Missing character: There is no Ä in font cmr12!
Missing character: There is no ¶ in font cmr12!
Missing character: There is no ‚ in font cmr12!
Missing character: There is no Ä in font cmr12!
Missing character: There is no ¶ in font cmr12!
Missing character: There is no ‚ in font cmr12!
Missing character: There is no Ä in font cmr12!
Missing character: There is no ¶ in font cmr12!
Missing character: There is no ‚ in font cmr12!
Missing character: There is no Ä in font cmr12!
Missing character: There is no ¶ in font cmr12!
Missing character: There is no ‚ in font cmr12!
Missing character: There is no Ä in font cmr12!
Missing character: There is no ¶ in font cmr12!
Missing character: There is no ‚ in font cmr12!
Missing character: There is no Ä in font cmr12!
Missing character: There is no ¶ in font cmr12!
Missing character: There is no ‚ in font cmr12!
Missing character: There is no Ä in font cmr12!
Missing character: There is no ¶ in font cmr12!
Missing character: There is no ‚ in font cmr12!
Missing character: There is no Ä in font cmr12!
Missing character: There is no ¶ in font cmr12!
Missing character: There is no ‚ in font cmr12!
Missing character: There is no Ä in font cmr12!
Missing character: There is no ¶ in font cmr12!
Missing character: There is no ‚ in font cmr12!
Missing character: There is no Ä in font cmr12!
Missing character: There is no ¶ in font cmr12!
Missing character: There is no ‚ in font cmr12!
Missing character: There is no Ä in font cmr12!
Missing character: There is no ¶ in font cmr12!
Missing character: There is no ‚ in font cmr12!
Missing character: There is no Ä in font cmr12!
Missing character: There is no ¶ in font cmr12!
Missing character: There is no ‚ in font cmr12!
Missing character: There is no Ä in font cmr12!
Missing character: There is no ¶ in font cmr12!
Missing character: There is no ‚ in font cmr12!
Missing character: There is no Ä in font cmr12!
Missing character: There is no ¶ in font cmr12!
Missing character: There is no ‚ in font cmr12!
Missing character: There is no Ä in font cmr12!
Missing character: There is no ¶ in font cmr12!
Missing character: There is no ‚ in font cmr12!
Missing character: There is no Ä in font cmr12!
Missing character: There is no ¶ in font cmr12!
Missing character: There is no ‚ in font cmr12!
Missing character: There is no Ä in font cmr12!
Missing character: There is no ¶ in font cmr12!
Missing character: There is no ‚ in font cmr12!
Missing character: There is no Ä in font cmr12!
Missing character: There is no ¶ in font cmr12!
Missing character: There is no ‚ in font cmr12!
Missing character: There is no Ä in font cmr12!
Missing character: There is no ¶ in font cmr12!
Missing character: There is no ‚ in font cmr12!
Missing character: There is no Ä in font cmr12!
Missing character: There is no ¶ in font cmr12!
Missing character: There is no ‚ in font cmr12!
Missing character: There is no Ä in font cmr12!
Missing character: There is no ¶ in font cmr12!
Missing character: There is no ‚ in font cmr12!
Missing character: There is no Ä in font cmr12!
Missing character: There is no ¶ in font cmr12!
Missing character: There is no ‚ in font cmr12!
Missing character: There is no Ä in font cmr12!
Missing character: There is no ¶ in font cmr12!
Missing character: There is no ‚ in font cmr12!
Missing character: There is no Ä in font cmr12!
Missing character: There is no ¶ in font cmr12!
Missing character: There is no ‚ in font cmr12!
Missing character: There is no Ä in font cmr12!
Missing character: There is no ¶ in font cmr12!
Missing character: There is no – in font cmbx12!
Missing character: There is no ë in font cmbx12!
Missing character: There is no “ in font cmbx12!
Missing character: There is no Ø in font cmbx12!
Missing character: There is no – in font cmbx12!
Missing character: There is no ª in font cmbx12!
Missing character: There is no — in font cmbx12!
Missing character: There is no ç in font cmbx12!
Missing character: There is no – in font cmbx12!
Missing character: There is no ≥ in font cmbx12!
Missing character: There is no – in font cmr12!
Missing character: There is no ï in font cmr12!
Missing character: There is no — in font cmr12!
Missing character: There is no Ä in font cmr12!
Missing character: There is no ” in font cmr12!
Missing character: There is no © in font cmr12!
Missing character: There is no – in font cmr12!
Missing character: There is no Ω in font cmr12!
Missing character: There is no — in font cmr12!
Missing character: There is no Ö in font cmr12!
Missing character: There is no – in font cmr12!
Missing character: There is no ∏ in font cmr12!
Missing character: There is no – in font cmr12!
Missing character: There is no π in font cmr12!
Missing character: There is no – in font cmr12!
Missing character: There is no ¥ in font cmr12!
Missing character: There is no “ in font cmr12!
Missing character: There is no Ø in font cmr12!
Missing character: There is no – in font cmr12!
Missing character: There is no ≥ in font cmr12!
Missing character: There is no – in font cmr12!
Missing character: There is no Ω in font cmr12!
Missing character: There is no — in font cmr12!
Missing character: There is no ç in font cmr12!
Missing character: There is no – in font cmr12!
Missing character: There is no ª in font cmr12!
Missing character: There is no — in font cmr12!
Missing character: There is no Ç in font cmr12!
Missing character: There is no – in font cmr12!
Missing character: There is no ê in font cmr12!
Missing character: There is no — in font cmr12!
Missing character: There is no à in font cmr12!
Missing character: There is no – in font cmr12!
Missing character: There is no ∏ in font cmr12!
Missing character: There is no – in font cmr12!
Missing character: There is no ≥ in font cmr12!
Missing character: There is no – in font cmr12!
Missing character: There is no ª in font cmr12!
Missing character: There is no – in font cmr12!
Missing character: There is no ∞ in font cmr12!
Missing character: There is no — in font cmr12!
Missing character: There is no Å in font cmr12!
Missing character: There is no – in font cmr12!
Missing character: There is no ∞ in font cmr12!
Missing character: There is no – in font cmr12!
Missing character: There is no Ω in font cmr12!
Missing character: There is no – in font cmr12!
Missing character: There is no º in font cmr12!
Missing character: There is no – in font cmr12!
Missing character: There is no ∞ in font cmr12!
Missing character: There is no — in font cmr12!
Missing character: There is no Ç in font cmr12!
Missing character: There is no – in font cmr12!
Missing character: There is no µ in font cmr12!
Missing character: There is no — in font cmr12!
Missing character: There is no Ä in font cmr12!
Missing character: There is no – in font cmr12!
Missing character: There is no ∏ in font cmr12!
Missing character: There is no – in font cmr12!
Missing character: There is no ∞ in font cmr12!
Missing character: There is no – in font cmr12!
Missing character: There is no ª in font cmr12!
Missing character: There is no — in font cmr12!
Missing character: There is no É in font cmr12!
Missing character: There is no — in font cmr12!
Missing character: There is no É in font cmr12!
Missing character: There is no – in font cmr12!
Missing character: There is no ¥ in font cmr12!
[1

{/var/lib/texmf/fonts/map/pdftex/updmap/pdftex.map}] (./chapter1.aux) ) 
Here is how much of TeX's memory you used:
 859 strings out of 494340
 11823 string characters out of 6164409
 67350 words of memory out of 5000000
 4261 multiletter control sequences out of 15000+600000
 4544 words of font info for 17 fonts, out of 8000000 for 9000
 350 hyphenation exceptions out of 8191
 23i,4n,19p,207b,107s stack positions out of 5000i,500n,10000p,200000b,80000s
</usr/sh
are/texlive/texmf-dist/fonts/type1/public/amsfonts/cm/cmbx12.pfb></usr/share/te
xlive/texmf-dist/fonts/type1/public/amsfonts/cm/cmr12.pfb>
Output written on chapter1.pdf (1 page, 22531 bytes).
PDF statistics:
 16 PDF objects out of 1000 (max. 8388607)
 10 compressed objects within 1 object stream
 0 named destinations out of 1000 (max. 500000)
 1 words of extra memory for PDF output out of 10000 (max. 10000000)

